2023-02-13 06:53:50,268 [Worker-6: Loading available Gradle versions] INFO  o.e.b.c.i.u.g.PublishedGradleVersions - Gradle version information cache is up-to-date. Trying to read.
2023-02-13 06:54:03,287 [Worker-6: Importing Maven projects] INFO  o.e.m.c.i.l.LifecycleMappingFactory - Using org.eclipse.m2e.jdt.JarLifecycleMapping lifecycle mapping for MavenProject: com.dibrador.br:courseJPASpring:0.0.1-SNAPSHOT @ D:\ws-eclipse\courseJPASpring\courseJPASpring\pom.xml.
2023-02-13 06:54:03,965 [Worker-6: Importing Maven projects] INFO  o.e.m.j.i.AbstractJavaProjectConfigurator - Adding source folder /courseJPASpring/src/main/java
2023-02-13 06:54:03,966 [Worker-6: Importing Maven projects] INFO  o.e.m.j.i.AbstractJavaProjectConfigurator - Adding resource folder /courseJPASpring/src/main/resources
2023-02-13 06:54:03,968 [Worker-6: Importing Maven projects] INFO  o.e.m.j.i.AbstractJavaProjectConfigurator - Adding resource folder /courseJPASpring/src/main/resources
2023-02-13 06:54:03,971 [Worker-6: Importing Maven projects] INFO  o.e.m.j.i.AbstractJavaProjectConfigurator - Adding source folder /courseJPASpring/src/test/java
2023-02-13 06:54:05,236 [Worker-6: Importing Maven projects] INFO  o.e.m.c.i.p.ProjectConfigurationManager - Imported and configured 1 project(s) in 2 sec
2023-02-13 07:11:26,297 [Worker-0: Building] INFO  o.e.m.c.i.l.LifecycleMappingFactory - Using org.eclipse.m2e.jdt.JarLifecycleMapping lifecycle mapping for MavenProject: com.dibrador.br:courseJPASpring:0.0.1-SNAPSHOT @ D:\ws-eclipse\courseJPASpring\courseJPASpring\pom.xml.
2023-02-13 07:11:26,723 [Worker-0: Building] INFO  o.a.m.s.f.DefaultMavenResourcesFiltering - Copying 0 resource
2023-02-13 07:11:26,723 [Worker-0: Building] INFO  o.a.m.s.f.DefaultMavenResourcesFiltering - Copying 0 resource
2023-02-13 07:11:26,726 [Worker-0: Building] INFO  o.a.m.s.f.DefaultMavenResourcesFiltering - skip non existing resourceDirectory D:\ws-eclipse\courseJPASpring\courseJPASpring\src\test\resources
2023-02-13 07:11:28,179 [Worker-0: Building] INFO  o.e.m.c.i.l.LifecycleMappingFactory - Using org.eclipse.m2e.jdt.JarLifecycleMapping lifecycle mapping for MavenProject: com.dibrador.br:courseJPASpring:0.0.1-SNAPSHOT @ D:\ws-eclipse\courseJPASpring\courseJPASpring\pom.xml.
2023-02-13 07:11:28,454 [Worker-0: Building] INFO  o.a.m.s.f.DefaultMavenResourcesFiltering - Copying 1 resource
2023-02-13 07:11:28,465 [Worker-0: Building] INFO  o.a.m.s.f.DefaultMavenResourcesFiltering - Copying 0 resource
2023-02-13 07:11:28,467 [Worker-0: Building] INFO  o.a.m.s.f.DefaultMavenResourcesFiltering - skip non existing resourceDirectory D:\ws-eclipse\courseJPASpring\courseJPASpring\src\test\resources
2023-02-13 07:11:36,247 [Worker-0: Building] INFO  o.e.m.c.i.l.LifecycleMappingFactory - Using org.eclipse.m2e.jdt.JarLifecycleMapping lifecycle mapping for MavenProject: com.dibrador.br:courseJPASpring:0.0.1-SNAPSHOT @ D:\ws-eclipse\courseJPASpring\courseJPASpring\pom.xml.
2023-02-13 07:11:36,523 [Worker-0: Building] INFO  o.a.m.s.f.DefaultMavenResourcesFiltering - Copying 0 resource
2023-02-13 07:11:36,523 [Worker-0: Building] INFO  o.a.m.s.f.DefaultMavenResourcesFiltering - Copying 0 resource
2023-02-13 07:11:36,524 [Worker-0: Building] INFO  o.a.m.s.f.DefaultMavenResourcesFiltering - skip non existing resourceDirectory D:\ws-eclipse\courseJPASpring\courseJPASpring\src\test\resources
2023-02-13 07:11:36,803 [Worker-19: Building] INFO  o.e.m.c.i.l.LifecycleMappingFactory - Using org.eclipse.m2e.jdt.JarLifecycleMapping lifecycle mapping for MavenProject: com.dibrador.br:courseJPASpring:0.0.1-SNAPSHOT @ D:\ws-eclipse\courseJPASpring\courseJPASpring\pom.xml.
2023-02-13 07:11:37,057 [Worker-19: Building] INFO  o.a.m.s.f.DefaultMavenResourcesFiltering - Copying 0 resource
2023-02-13 07:11:37,057 [Worker-19: Building] INFO  o.a.m.s.f.DefaultMavenResourcesFiltering - Copying 0 resource
2023-02-13 07:11:37,059 [Worker-19: Building] INFO  o.a.m.s.f.DefaultMavenResourcesFiltering - skip non existing resourceDirectory D:\ws-eclipse\courseJPASpring\courseJPASpring\src\test\resources
2023-02-13 07:11:40,266 [Worker-14: Building] INFO  o.e.m.c.i.l.LifecycleMappingFactory - Using org.eclipse.m2e.jdt.JarLifecycleMapping lifecycle mapping for MavenProject: com.dibrador.br:courseJPASpring:0.0.1-SNAPSHOT @ D:\ws-eclipse\courseJPASpring\courseJPASpring\pom.xml.
2023-02-13 07:11:40,514 [Worker-14: Building] INFO  o.a.m.s.f.DefaultMavenResourcesFiltering - Copying 0 resource
2023-02-13 07:11:40,514 [Worker-14: Building] INFO  o.a.m.s.f.DefaultMavenResourcesFiltering - Copying 0 resource
2023-02-13 07:11:40,516 [Worker-14: Building] INFO  o.a.m.s.f.DefaultMavenResourcesFiltering - skip non existing resourceDirectory D:\ws-eclipse\courseJPASpring\courseJPASpring\src\test\resources
2023-02-13 07:12:24,980 [Worker-20: Launching Executing install in D__ws-eclipse_courseJPASpring_courseJPASpring] INFO  o.eclipse.m2e.core.internal.Bundles - getClasspathEntries(Bundle=org.eclipse.m2e.maven.runtime_3.8.604.20221130-2149 [345])
2023-02-13 07:12:24,981 [Worker-20: Launching Executing install in D__ws-eclipse_courseJPASpring_courseJPASpring] INFO  o.eclipse.m2e.core.internal.Bundles - 	Entry: C:\Program Files (x86)\sts-4.17.2.RELEASE\plugins\org.eclipse.m2e.maven.runtime_3.8.604.20221130-2149
2023-02-13 07:12:24,982 [Worker-20: Launching Executing install in D__ws-eclipse_courseJPASpring_courseJPASpring] INFO  o.eclipse.m2e.core.internal.Bundles - 	Entry: C:\Program Files (x86)\sts-4.17.2.RELEASE\plugins\org.eclipse.m2e.maven.runtime_3.8.604.20221130-2149\jars\aether-connector-okhttp-0.17.8.jar
2023-02-13 07:12:24,982 [Worker-20: Launching Executing install in D__ws-eclipse_courseJPASpring_courseJPASpring] INFO  o.eclipse.m2e.core.internal.Bundles - 	Entry: C:\Program Files (x86)\sts-4.17.2.RELEASE\plugins\org.eclipse.m2e.maven.runtime_3.8.604.20221130-2149\jars\commons-cli-1.4.jar
2023-02-13 07:12:24,982 [Worker-20: Launching Executing install in D__ws-eclipse_courseJPASpring_courseJPASpring] INFO  o.eclipse.m2e.core.internal.Bundles - 	Entry: C:\Program Files (x86)\sts-4.17.2.RELEASE\plugins\org.eclipse.m2e.maven.runtime_3.8.604.20221130-2149\jars\commons-io-2.6.jar
2023-02-13 07:12:24,982 [Worker-20: Launching Executing install in D__ws-eclipse_courseJPASpring_courseJPASpring] INFO  o.eclipse.m2e.core.internal.Bundles - 	Entry: C:\Program Files (x86)\sts-4.17.2.RELEASE\plugins\org.eclipse.m2e.maven.runtime_3.8.604.20221130-2149\jars\commons-lang3-3.8.1.jar
2023-02-13 07:12:24,982 [Worker-20: Launching Executing install in D__ws-eclipse_courseJPASpring_courseJPASpring] INFO  o.eclipse.m2e.core.internal.Bundles - 	Entry: C:\Program Files (x86)\sts-4.17.2.RELEASE\plugins\org.eclipse.m2e.maven.runtime_3.8.604.20221130-2149\jars\guice-4.2.2-no_aop.jar
2023-02-13 07:12:24,982 [Worker-20: Launching Executing install in D__ws-eclipse_courseJPASpring_courseJPASpring] INFO  o.eclipse.m2e.core.internal.Bundles - 	Entry: C:\Program Files (x86)\sts-4.17.2.RELEASE\plugins\org.eclipse.m2e.maven.runtime_3.8.604.20221130-2149\jars\jansi-2.4.0.jar
2023-02-13 07:12:24,982 [Worker-20: Launching Executing install in D__ws-eclipse_courseJPASpring_courseJPASpring] INFO  o.eclipse.m2e.core.internal.Bundles - 	Entry: C:\Program Files (x86)\sts-4.17.2.RELEASE\plugins\org.eclipse.m2e.maven.runtime_3.8.604.20221130-2149\jars\maven-artifact-3.8.6.jar
2023-02-13 07:12:24,982 [Worker-20: Launching Executing install in D__ws-eclipse_courseJPASpring_courseJPASpring] INFO  o.eclipse.m2e.core.internal.Bundles - 	Entry: C:\Program Files (x86)\sts-4.17.2.RELEASE\plugins\org.eclipse.m2e.maven.runtime_3.8.604.20221130-2149\jars\maven-builder-support-3.8.6.jar
2023-02-13 07:12:24,983 [Worker-20: Launching Executing install in D__ws-eclipse_courseJPASpring_courseJPASpring] INFO  o.eclipse.m2e.core.internal.Bundles - 	Entry: C:\Program Files (x86)\sts-4.17.2.RELEASE\plugins\org.eclipse.m2e.maven.runtime_3.8.604.20221130-2149\jars\maven-compat-3.8.6.jar
2023-02-13 07:12:24,983 [Worker-20: Launching Executing install in D__ws-eclipse_courseJPASpring_courseJPASpring] INFO  o.eclipse.m2e.core.internal.Bundles - 	Entry: C:\Program Files (x86)\sts-4.17.2.RELEASE\plugins\org.eclipse.m2e.maven.runtime_3.8.604.20221130-2149\jars\maven-core-3.8.6.jar
2023-02-13 07:12:24,983 [Worker-20: Launching Executing install in D__ws-eclipse_courseJPASpring_courseJPASpring] INFO  o.eclipse.m2e.core.internal.Bundles - 	Entry: C:\Program Files (x86)\sts-4.17.2.RELEASE\plugins\org.eclipse.m2e.maven.runtime_3.8.604.20221130-2149\jars\maven-embedder-3.8.6.jar
2023-02-13 07:12:24,983 [Worker-20: Launching Executing install in D__ws-eclipse_courseJPASpring_courseJPASpring] INFO  o.eclipse.m2e.core.internal.Bundles - 	Entry: C:\Program Files (x86)\sts-4.17.2.RELEASE\plugins\org.eclipse.m2e.maven.runtime_3.8.604.20221130-2149\jars\maven-model-3.8.6.jar
2023-02-13 07:12:24,983 [Worker-20: Launching Executing install in D__ws-eclipse_courseJPASpring_courseJPASpring] INFO  o.eclipse.m2e.core.internal.Bundles - 	Entry: C:\Program Files (x86)\sts-4.17.2.RELEASE\plugins\org.eclipse.m2e.maven.runtime_3.8.604.20221130-2149\jars\maven-model-builder-3.8.6.jar
2023-02-13 07:12:24,983 [Worker-20: Launching Executing install in D__ws-eclipse_courseJPASpring_courseJPASpring] INFO  o.eclipse.m2e.core.internal.Bundles - 	Entry: C:\Program Files (x86)\sts-4.17.2.RELEASE\plugins\org.eclipse.m2e.maven.runtime_3.8.604.20221130-2149\jars\maven-plugin-api-3.8.6.jar
2023-02-13 07:12:24,983 [Worker-20: Launching Executing install in D__ws-eclipse_courseJPASpring_courseJPASpring] INFO  o.eclipse.m2e.core.internal.Bundles - 	Entry: C:\Program Files (x86)\sts-4.17.2.RELEASE\plugins\org.eclipse.m2e.maven.runtime_3.8.604.20221130-2149\jars\maven-repository-metadata-3.8.6.jar
2023-02-13 07:12:24,984 [Worker-20: Launching Executing install in D__ws-eclipse_courseJPASpring_courseJPASpring] INFO  o.eclipse.m2e.core.internal.Bundles - 	Entry: C:\Program Files (x86)\sts-4.17.2.RELEASE\plugins\org.eclipse.m2e.maven.runtime_3.8.604.20221130-2149\jars\maven-resolver-api-1.6.3.jar
2023-02-13 07:12:24,984 [Worker-20: Launching Executing install in D__ws-eclipse_courseJPASpring_courseJPASpring] INFO  o.eclipse.m2e.core.internal.Bundles - 	Entry: C:\Program Files (x86)\sts-4.17.2.RELEASE\plugins\org.eclipse.m2e.maven.runtime_3.8.604.20221130-2149\jars\maven-resolver-connector-basic-1.6.3.jar
2023-02-13 07:12:24,984 [Worker-20: Launching Executing install in D__ws-eclipse_courseJPASpring_courseJPASpring] INFO  o.eclipse.m2e.core.internal.Bundles - 	Entry: C:\Program Files (x86)\sts-4.17.2.RELEASE\plugins\org.eclipse.m2e.maven.runtime_3.8.604.20221130-2149\jars\maven-resolver-impl-1.6.3.jar
2023-02-13 07:12:24,984 [Worker-20: Launching Executing install in D__ws-eclipse_courseJPASpring_courseJPASpring] INFO  o.eclipse.m2e.core.internal.Bundles - 	Entry: C:\Program Files (x86)\sts-4.17.2.RELEASE\plugins\org.eclipse.m2e.maven.runtime_3.8.604.20221130-2149\jars\maven-resolver-provider-3.8.6.jar
2023-02-13 07:12:24,984 [Worker-20: Launching Executing install in D__ws-eclipse_courseJPASpring_courseJPASpring] INFO  o.eclipse.m2e.core.internal.Bundles - 	Entry: C:\Program Files (x86)\sts-4.17.2.RELEASE\plugins\org.eclipse.m2e.maven.runtime_3.8.604.20221130-2149\jars\maven-resolver-spi-1.6.3.jar
2023-02-13 07:12:24,984 [Worker-20: Launching Executing install in D__ws-eclipse_courseJPASpring_courseJPASpring] INFO  o.eclipse.m2e.core.internal.Bundles - 	Entry: C:\Program Files (x86)\sts-4.17.2.RELEASE\plugins\org.eclipse.m2e.maven.runtime_3.8.604.20221130-2149\jars\maven-resolver-transport-wagon-1.6.3.jar
2023-02-13 07:12:24,984 [Worker-20: Launching Executing install in D__ws-eclipse_courseJPASpring_courseJPASpring] INFO  o.eclipse.m2e.core.internal.Bundles - 	Entry: C:\Program Files (x86)\sts-4.17.2.RELEASE\plugins\org.eclipse.m2e.maven.runtime_3.8.604.20221130-2149\jars\maven-resolver-util-1.6.3.jar
2023-02-13 07:12:24,985 [Worker-20: Launching Executing install in D__ws-eclipse_courseJPASpring_courseJPASpring] INFO  o.eclipse.m2e.core.internal.Bundles - 	Entry: C:\Program Files (x86)\sts-4.17.2.RELEASE\plugins\org.eclipse.m2e.maven.runtime_3.8.604.20221130-2149\jars\maven-settings-3.8.6.jar
2023-02-13 07:12:24,985 [Worker-20: Launching Executing install in D__ws-eclipse_courseJPASpring_courseJPASpring] INFO  o.eclipse.m2e.core.internal.Bundles - 	Entry: C:\Program Files (x86)\sts-4.17.2.RELEASE\plugins\org.eclipse.m2e.maven.runtime_3.8.604.20221130-2149\jars\maven-settings-builder-3.8.6.jar
2023-02-13 07:12:24,985 [Worker-20: Launching Executing install in D__ws-eclipse_courseJPASpring_courseJPASpring] INFO  o.eclipse.m2e.core.internal.Bundles - 	Entry: C:\Program Files (x86)\sts-4.17.2.RELEASE\plugins\org.eclipse.m2e.maven.runtime_3.8.604.20221130-2149\jars\maven-shared-utils-3.3.4.jar
2023-02-13 07:12:24,985 [Worker-20: Launching Executing install in D__ws-eclipse_courseJPASpring_courseJPASpring] INFO  o.eclipse.m2e.core.internal.Bundles - 	Entry: C:\Program Files (x86)\sts-4.17.2.RELEASE\plugins\org.eclipse.m2e.maven.runtime_3.8.604.20221130-2149\jars\okhttp-3.14.1.jar
2023-02-13 07:12:24,985 [Worker-20: Launching Executing install in D__ws-eclipse_courseJPASpring_courseJPASpring] INFO  o.eclipse.m2e.core.internal.Bundles - 	Entry: C:\Program Files (x86)\sts-4.17.2.RELEASE\plugins\org.eclipse.m2e.maven.runtime_3.8.604.20221130-2149\jars\okio-1.17.3.jar
2023-02-13 07:12:24,985 [Worker-20: Launching Executing install in D__ws-eclipse_courseJPASpring_courseJPASpring] INFO  o.eclipse.m2e.core.internal.Bundles - 	Entry: C:\Program Files (x86)\sts-4.17.2.RELEASE\plugins\org.eclipse.m2e.maven.runtime_3.8.604.20221130-2149\jars\org.eclipse.sisu.inject-0.3.5.jar
2023-02-13 07:12:24,986 [Worker-20: Launching Executing install in D__ws-eclipse_courseJPASpring_courseJPASpring] INFO  o.eclipse.m2e.core.internal.Bundles - 	Entry: C:\Program Files (x86)\sts-4.17.2.RELEASE\plugins\org.eclipse.m2e.maven.runtime_3.8.604.20221130-2149\jars\org.eclipse.sisu.plexus-0.3.5.jar
2023-02-13 07:12:24,986 [Worker-20: Launching Executing install in D__ws-eclipse_courseJPASpring_courseJPASpring] INFO  o.eclipse.m2e.core.internal.Bundles - 	Entry: C:\Program Files (x86)\sts-4.17.2.RELEASE\plugins\org.eclipse.m2e.maven.runtime_3.8.604.20221130-2149\jars\plexus-build-api-0.0.7.jar
2023-02-13 07:12:24,986 [Worker-20: Launching Executing install in D__ws-eclipse_courseJPASpring_courseJPASpring] INFO  o.eclipse.m2e.core.internal.Bundles - 	Entry: C:\Program Files (x86)\sts-4.17.2.RELEASE\plugins\org.eclipse.m2e.maven.runtime_3.8.604.20221130-2149\jars\plexus-cipher-2.0.jar
2023-02-13 07:12:24,986 [Worker-20: Launching Executing install in D__ws-eclipse_courseJPASpring_courseJPASpring] INFO  o.eclipse.m2e.core.internal.Bundles - 	Entry: C:\Program Files (x86)\sts-4.17.2.RELEASE\plugins\org.eclipse.m2e.maven.runtime_3.8.604.20221130-2149\jars\plexus-classworlds-2.6.0.jar
2023-02-13 07:12:24,986 [Worker-20: Launching Executing install in D__ws-eclipse_courseJPASpring_courseJPASpring] INFO  o.eclipse.m2e.core.internal.Bundles - 	Entry: C:\Program Files (x86)\sts-4.17.2.RELEASE\plugins\org.eclipse.m2e.maven.runtime_3.8.604.20221130-2149\jars\plexus-component-annotations-2.1.0.jar
2023-02-13 07:12:24,987 [Worker-20: Launching Executing install in D__ws-eclipse_courseJPASpring_courseJPASpring] INFO  o.eclipse.m2e.core.internal.Bundles - 	Entry: C:\Program Files (x86)\sts-4.17.2.RELEASE\plugins\org.eclipse.m2e.maven.runtime_3.8.604.20221130-2149\jars\plexus-interpolation-1.26.jar
2023-02-13 07:12:24,987 [Worker-20: Launching Executing install in D__ws-eclipse_courseJPASpring_courseJPASpring] INFO  o.eclipse.m2e.core.internal.Bundles - 	Entry: C:\Program Files (x86)\sts-4.17.2.RELEASE\plugins\org.eclipse.m2e.maven.runtime_3.8.604.20221130-2149\jars\plexus-sec-dispatcher-2.0.jar
2023-02-13 07:12:24,987 [Worker-20: Launching Executing install in D__ws-eclipse_courseJPASpring_courseJPASpring] INFO  o.eclipse.m2e.core.internal.Bundles - 	Entry: C:\Program Files (x86)\sts-4.17.2.RELEASE\plugins\org.eclipse.m2e.maven.runtime_3.8.604.20221130-2149\jars\plexus-utils-3.3.1.jar
2023-02-13 07:12:24,987 [Worker-20: Launching Executing install in D__ws-eclipse_courseJPASpring_courseJPASpring] INFO  o.eclipse.m2e.core.internal.Bundles - 	Entry: C:\Program Files (x86)\sts-4.17.2.RELEASE\plugins\org.eclipse.m2e.maven.runtime_3.8.604.20221130-2149\jars\wagon-file-3.5.1.jar
2023-02-13 07:12:24,987 [Worker-20: Launching Executing install in D__ws-eclipse_courseJPASpring_courseJPASpring] INFO  o.eclipse.m2e.core.internal.Bundles - 	Entry: C:\Program Files (x86)\sts-4.17.2.RELEASE\plugins\org.eclipse.m2e.maven.runtime_3.8.604.20221130-2149\jars\wagon-provider-api-3.5.1.jar
2023-02-13 07:12:24,988 [Worker-20: Launching Executing install in D__ws-eclipse_courseJPASpring_courseJPASpring] INFO  o.eclipse.m2e.core.internal.Bundles - getClasspathEntries(Bundle=com.google.guava_30.1.0.v20221112-0806 [22])
2023-02-13 07:12:24,990 [Worker-20: Launching Executing install in D__ws-eclipse_courseJPASpring_courseJPASpring] INFO  o.eclipse.m2e.core.internal.Bundles - 	Entry: C:\Program Files (x86)\sts-4.17.2.RELEASE\plugins\com.google.guava_30.1.0.v20221112-0806.jar
2023-02-13 07:12:24,990 [Worker-20: Launching Executing install in D__ws-eclipse_courseJPASpring_courseJPASpring] INFO  o.eclipse.m2e.core.internal.Bundles - getClasspathEntries(Bundle=slf4j.api_1.7.36 [584])
2023-02-13 07:12:24,990 [Worker-20: Launching Executing install in D__ws-eclipse_courseJPASpring_courseJPASpring] INFO  o.eclipse.m2e.core.internal.Bundles - 	Entry: C:\Program Files (x86)\sts-4.17.2.RELEASE\plugins\slf4j.api_1.7.36.jar
2023-02-13 07:12:24,990 [Worker-20: Launching Executing install in D__ws-eclipse_courseJPASpring_courseJPASpring] INFO  o.eclipse.m2e.core.internal.Bundles - getClasspathEntries(Bundle=javax.inject_1.0.0.v20220405-0441 [49])
2023-02-13 07:12:24,991 [Worker-20: Launching Executing install in D__ws-eclipse_courseJPASpring_courseJPASpring] INFO  o.eclipse.m2e.core.internal.Bundles - 	Entry: C:\Program Files (x86)\sts-4.17.2.RELEASE\plugins\javax.inject_1.0.0.v20220405-0441.jar
2023-02-13 07:12:24,991 [Worker-20: Launching Executing install in D__ws-eclipse_courseJPASpring_courseJPASpring] INFO  o.eclipse.m2e.core.internal.Bundles - getClasspathEntries(Bundle=javax.annotation_1.3.5.v20221112-0806 [47])
2023-02-13 07:12:24,991 [Worker-20: Launching Executing install in D__ws-eclipse_courseJPASpring_courseJPASpring] INFO  o.eclipse.m2e.core.internal.Bundles - 	Entry: C:\Program Files (x86)\sts-4.17.2.RELEASE\plugins\javax.annotation_1.3.5.v20221112-0806.jar
2023-02-13 07:12:24,998 [Worker-20: Launching Executing install in D__ws-eclipse_courseJPASpring_courseJPASpring] INFO  o.e.m.i.launch.MavenLaunchDelegate - Run build in "D:\ws-eclipse\courseJPASpring\courseJPASpring":
2023-02-13 07:12:24,999 [Worker-20: Launching Executing install in D__ws-eclipse_courseJPASpring_courseJPASpring] INFO  o.e.m.i.launch.MavenLaunchDelegate -  mvn  -B -Dstyle.color=always install
2023-02-13 07:13:18,648 [Worker-19: Building] INFO  o.a.m.s.f.DefaultMavenResourcesFiltering - Copying 1 resource
2023-02-13 07:13:18,660 [Worker-19: Building] INFO  o.a.m.s.f.DefaultMavenResourcesFiltering - Copying 0 resource
2023-02-13 07:13:18,663 [Worker-19: Building] INFO  o.a.m.s.f.DefaultMavenResourcesFiltering - skip non existing resourceDirectory D:\ws-eclipse\courseJPASpring\courseJPASpring\src\test\resources
2023-02-13 07:13:44,789 [Worker-0: Building] INFO  o.a.m.s.f.DefaultMavenResourcesFiltering - Copying 1 resource
2023-02-13 07:13:44,793 [Worker-0: Building] INFO  o.a.m.s.f.DefaultMavenResourcesFiltering - Copying 0 resource
2023-02-13 07:13:44,794 [Worker-0: Building] INFO  o.a.m.s.f.DefaultMavenResourcesFiltering - skip non existing resourceDirectory D:\ws-eclipse\courseJPASpring\courseJPASpring\src\test\resources
2023-02-13 07:13:47,518 [Worker-20: Building] INFO  o.a.m.s.f.DefaultMavenResourcesFiltering - Copying 1 resource
2023-02-13 07:13:47,522 [Worker-20: Building] INFO  o.a.m.s.f.DefaultMavenResourcesFiltering - Copying 0 resource
2023-02-13 07:13:47,524 [Worker-20: Building] INFO  o.a.m.s.f.DefaultMavenResourcesFiltering - skip non existing resourceDirectory D:\ws-eclipse\courseJPASpring\courseJPASpring\src\test\resources
2023-02-13 07:14:28,627 [Worker-0: Building] INFO  o.a.m.s.f.DefaultMavenResourcesFiltering - Copying 1 resource
2023-02-13 07:14:28,628 [Worker-0: Building] INFO  o.a.m.s.f.DefaultMavenResourcesFiltering - Copying 0 resource
2023-02-13 07:14:28,629 [Worker-0: Building] INFO  o.a.m.s.f.DefaultMavenResourcesFiltering - skip non existing resourceDirectory D:\ws-eclipse\courseJPASpring\courseJPASpring\src\test\resources
2023-02-13 07:14:39,556 [Worker-22: Building] INFO  o.a.m.s.f.DefaultMavenResourcesFiltering - Copying 1 resource
2023-02-13 07:14:39,561 [Worker-22: Building] INFO  o.a.m.s.f.DefaultMavenResourcesFiltering - Copying 0 resource
2023-02-13 07:14:39,563 [Worker-22: Building] INFO  o.a.m.s.f.DefaultMavenResourcesFiltering - skip non existing resourceDirectory D:\ws-eclipse\courseJPASpring\courseJPASpring\src\test\resources
2023-02-13 07:17:40,424 [Worker-22: Building] INFO  o.a.m.s.f.DefaultMavenResourcesFiltering - Copying 2 resources
2023-02-13 07:17:40,431 [Worker-22: Building] INFO  o.a.m.s.f.DefaultMavenResourcesFiltering - Copying 0 resource
2023-02-13 07:17:40,433 [Worker-22: Building] INFO  o.a.m.s.f.DefaultMavenResourcesFiltering - skip non existing resourceDirectory D:\ws-eclipse\courseJPASpring\courseJPASpring\src\test\resources
2023-02-13 07:18:40,926 [Worker-27: Building] INFO  o.a.m.s.f.DefaultMavenResourcesFiltering - Copying 2 resources
2023-02-13 07:18:40,933 [Worker-27: Building] INFO  o.a.m.s.f.DefaultMavenResourcesFiltering - Copying 0 resource
2023-02-13 07:18:40,935 [Worker-27: Building] INFO  o.a.m.s.f.DefaultMavenResourcesFiltering - skip non existing resourceDirectory D:\ws-eclipse\courseJPASpring\courseJPASpring\src\test\resources
2023-02-13 07:19:22,418 [Worker-15: Building] INFO  o.a.m.s.f.DefaultMavenResourcesFiltering - Copying 2 resources
2023-02-13 07:19:22,426 [Worker-15: Building] INFO  o.a.m.s.f.DefaultMavenResourcesFiltering - Copying 0 resource
2023-02-13 07:19:22,428 [Worker-15: Building] INFO  o.a.m.s.f.DefaultMavenResourcesFiltering - skip non existing resourceDirectory D:\ws-eclipse\courseJPASpring\courseJPASpring\src\test\resources
2023-02-13 07:19:46,747 [Worker-25: Building] INFO  o.a.m.s.f.DefaultMavenResourcesFiltering - Copying 2 resources
2023-02-13 07:19:46,755 [Worker-25: Building] INFO  o.a.m.s.f.DefaultMavenResourcesFiltering - Copying 0 resource
2023-02-13 07:19:46,757 [Worker-25: Building] INFO  o.a.m.s.f.DefaultMavenResourcesFiltering - skip non existing resourceDirectory D:\ws-eclipse\courseJPASpring\courseJPASpring\src\test\resources
2023-02-13 07:19:54,990 [Worker-24: Building] INFO  o.a.m.s.f.DefaultMavenResourcesFiltering - Copying 2 resources
2023-02-13 07:19:54,997 [Worker-24: Building] INFO  o.a.m.s.f.DefaultMavenResourcesFiltering - Copying 0 resource
2023-02-13 07:19:54,999 [Worker-24: Building] INFO  o.a.m.s.f.DefaultMavenResourcesFiltering - skip non existing resourceDirectory D:\ws-eclipse\courseJPASpring\courseJPASpring\src\test\resources
2023-02-13 07:19:59,779 [Worker-28: Building] INFO  o.a.m.s.f.DefaultMavenResourcesFiltering - Copying 2 resources
2023-02-13 07:19:59,787 [Worker-28: Building] INFO  o.a.m.s.f.DefaultMavenResourcesFiltering - Copying 0 resource
2023-02-13 07:19:59,789 [Worker-28: Building] INFO  o.a.m.s.f.DefaultMavenResourcesFiltering - skip non existing resourceDirectory D:\ws-eclipse\courseJPASpring\courseJPASpring\src\test\resources
2023-02-13 07:29:43,868 [Worker-23: Building] INFO  o.a.m.s.f.DefaultMavenResourcesFiltering - Copying 2 resources
2023-02-13 07:29:43,879 [Worker-23: Building] INFO  o.a.m.s.f.DefaultMavenResourcesFiltering - Copying 0 resource
2023-02-13 07:29:43,882 [Worker-23: Building] INFO  o.a.m.s.f.DefaultMavenResourcesFiltering - skip non existing resourceDirectory D:\ws-eclipse\courseJPASpring\courseJPASpring\src\test\resources
2023-02-13 07:29:51,843 [Worker-32: Building] INFO  o.a.m.s.f.DefaultMavenResourcesFiltering - Copying 2 resources
2023-02-13 07:29:51,852 [Worker-32: Building] INFO  o.a.m.s.f.DefaultMavenResourcesFiltering - Copying 0 resource
2023-02-13 07:29:51,855 [Worker-32: Building] INFO  o.a.m.s.f.DefaultMavenResourcesFiltering - skip non existing resourceDirectory D:\ws-eclipse\courseJPASpring\courseJPASpring\src\test\resources
2023-02-13 07:30:01,244 [Worker-28: Building] INFO  o.a.m.s.f.DefaultMavenResourcesFiltering - Copying 2 resources
2023-02-13 07:30:01,251 [Worker-28: Building] INFO  o.a.m.s.f.DefaultMavenResourcesFiltering - Copying 0 resource
2023-02-13 07:30:01,253 [Worker-28: Building] INFO  o.a.m.s.f.DefaultMavenResourcesFiltering - skip non existing resourceDirectory D:\ws-eclipse\courseJPASpring\courseJPASpring\src\test\resources
2023-02-13 07:30:17,128 [Worker-32: Building] INFO  o.a.m.s.f.DefaultMavenResourcesFiltering - Copying 2 resources
2023-02-13 07:30:17,136 [Worker-32: Building] INFO  o.a.m.s.f.DefaultMavenResourcesFiltering - Copying 0 resource
2023-02-13 07:30:17,139 [Worker-32: Building] INFO  o.a.m.s.f.DefaultMavenResourcesFiltering - skip non existing resourceDirectory D:\ws-eclipse\courseJPASpring\courseJPASpring\src\test\resources
2023-02-13 07:30:22,360 [Worker-34: Building] INFO  o.a.m.s.f.DefaultMavenResourcesFiltering - Copying 2 resources
2023-02-13 07:30:22,369 [Worker-34: Building] INFO  o.a.m.s.f.DefaultMavenResourcesFiltering - Copying 0 resource
2023-02-13 07:30:22,370 [Worker-34: Building] INFO  o.a.m.s.f.DefaultMavenResourcesFiltering - skip non existing resourceDirectory D:\ws-eclipse\courseJPASpring\courseJPASpring\src\test\resources
2023-02-13 07:30:25,866 [Worker-33: Building] INFO  o.a.m.s.f.DefaultMavenResourcesFiltering - Copying 2 resources
2023-02-13 07:30:25,874 [Worker-33: Building] INFO  o.a.m.s.f.DefaultMavenResourcesFiltering - Copying 0 resource
2023-02-13 07:30:25,876 [Worker-33: Building] INFO  o.a.m.s.f.DefaultMavenResourcesFiltering - skip non existing resourceDirectory D:\ws-eclipse\courseJPASpring\courseJPASpring\src\test\resources
2023-02-13 07:30:54,382 [Worker-33: Building] INFO  o.a.m.s.f.DefaultMavenResourcesFiltering - Copying 2 resources
2023-02-13 07:30:54,390 [Worker-33: Building] INFO  o.a.m.s.f.DefaultMavenResourcesFiltering - Copying 0 resource
2023-02-13 07:30:54,392 [Worker-33: Building] INFO  o.a.m.s.f.DefaultMavenResourcesFiltering - skip non existing resourceDirectory D:\ws-eclipse\courseJPASpring\courseJPASpring\src\test\resources
2023-02-13 07:35:19,097 [Worker-23: Building] INFO  o.a.m.s.f.DefaultMavenResourcesFiltering - Copying 2 resources
2023-02-13 07:35:19,105 [Worker-23: Building] INFO  o.a.m.s.f.DefaultMavenResourcesFiltering - Copying 0 resource
2023-02-13 07:35:19,107 [Worker-23: Building] INFO  o.a.m.s.f.DefaultMavenResourcesFiltering - skip non existing resourceDirectory D:\ws-eclipse\courseJPASpring\courseJPASpring\src\test\resources
2023-02-13 07:35:47,209 [Worker-35: Building] INFO  o.a.m.s.f.DefaultMavenResourcesFiltering - Copying 2 resources
2023-02-13 07:35:47,216 [Worker-35: Building] INFO  o.a.m.s.f.DefaultMavenResourcesFiltering - Copying 0 resource
2023-02-13 07:35:47,217 [Worker-35: Building] INFO  o.a.m.s.f.DefaultMavenResourcesFiltering - skip non existing resourceDirectory D:\ws-eclipse\courseJPASpring\courseJPASpring\src\test\resources
2023-02-13 07:36:09,402 [Worker-36: Building] INFO  o.a.m.s.f.DefaultMavenResourcesFiltering - Copying 2 resources
2023-02-13 07:36:09,410 [Worker-36: Building] INFO  o.a.m.s.f.DefaultMavenResourcesFiltering - Copying 0 resource
2023-02-13 07:36:09,412 [Worker-36: Building] INFO  o.a.m.s.f.DefaultMavenResourcesFiltering - skip non existing resourceDirectory D:\ws-eclipse\courseJPASpring\courseJPASpring\src\test\resources
2023-02-13 07:36:14,386 [Worker-37: Building] INFO  o.a.m.s.f.DefaultMavenResourcesFiltering - Copying 2 resources
2023-02-13 07:36:14,393 [Worker-37: Building] INFO  o.a.m.s.f.DefaultMavenResourcesFiltering - Copying 0 resource
2023-02-13 07:36:14,395 [Worker-37: Building] INFO  o.a.m.s.f.DefaultMavenResourcesFiltering - skip non existing resourceDirectory D:\ws-eclipse\courseJPASpring\courseJPASpring\src\test\resources
2023-02-13 07:54:54,945 [Worker-38: Building] INFO  o.a.m.s.f.DefaultMavenResourcesFiltering - Copying 2 resources
2023-02-13 07:54:54,971 [Worker-38: Building] INFO  o.a.m.s.f.DefaultMavenResourcesFiltering - Copying 0 resource
2023-02-13 07:54:54,973 [Worker-38: Building] INFO  o.a.m.s.f.DefaultMavenResourcesFiltering - skip non existing resourceDirectory D:\ws-eclipse\courseJPASpring\courseJPASpring\src\test\resources
2023-02-13 07:54:57,050 [Worker-40: Building] INFO  o.a.m.s.f.DefaultMavenResourcesFiltering - Copying 2 resources
2023-02-13 07:54:57,109 [Worker-40: Building] INFO  o.a.m.s.f.DefaultMavenResourcesFiltering - Copying 0 resource
2023-02-13 07:54:57,111 [Worker-40: Building] INFO  o.a.m.s.f.DefaultMavenResourcesFiltering - skip non existing resourceDirectory D:\ws-eclipse\courseJPASpring\courseJPASpring\src\test\resources
2023-02-13 07:55:01,324 [Worker-40: Building] INFO  o.a.m.s.f.DefaultMavenResourcesFiltering - Copying 2 resources
2023-02-13 07:55:01,337 [Worker-40: Building] INFO  o.a.m.s.f.DefaultMavenResourcesFiltering - Copying 0 resource
2023-02-13 07:55:01,338 [Worker-40: Building] INFO  o.a.m.s.f.DefaultMavenResourcesFiltering - skip non existing resourceDirectory D:\ws-eclipse\courseJPASpring\courseJPASpring\src\test\resources
2023-02-13 07:55:09,971 [Worker-38: Building] INFO  o.a.m.s.f.DefaultMavenResourcesFiltering - Copying 2 resources
2023-02-13 07:55:09,996 [Worker-38: Building] INFO  o.a.m.s.f.DefaultMavenResourcesFiltering - Copying 0 resource
2023-02-13 07:55:09,998 [Worker-38: Building] INFO  o.a.m.s.f.DefaultMavenResourcesFiltering - skip non existing resourceDirectory D:\ws-eclipse\courseJPASpring\courseJPASpring\src\test\resources
2023-02-13 07:55:35,069 [Worker-42: Building] INFO  o.a.m.s.f.DefaultMavenResourcesFiltering - Copying 2 resources
2023-02-13 07:55:35,075 [Worker-42: Building] INFO  o.a.m.s.f.DefaultMavenResourcesFiltering - Copying 0 resource
2023-02-13 07:55:35,078 [Worker-42: Building] INFO  o.a.m.s.f.DefaultMavenResourcesFiltering - skip non existing resourceDirectory D:\ws-eclipse\courseJPASpring\courseJPASpring\src\test\resources
2023-02-13 07:55:36,452 [Worker-40: Building] INFO  o.a.m.s.f.DefaultMavenResourcesFiltering - Copying 2 resources
2023-02-13 07:55:36,497 [Worker-40: Building] INFO  o.a.m.s.f.DefaultMavenResourcesFiltering - Copying 0 resource
2023-02-13 07:55:36,499 [Worker-40: Building] INFO  o.a.m.s.f.DefaultMavenResourcesFiltering - skip non existing resourceDirectory D:\ws-eclipse\courseJPASpring\courseJPASpring\src\test\resources
2023-02-13 07:56:38,982 [Worker-39: Building] INFO  o.a.m.s.f.DefaultMavenResourcesFiltering - Copying 2 resources
2023-02-13 07:56:38,992 [Worker-39: Building] INFO  o.a.m.s.f.DefaultMavenResourcesFiltering - Copying 0 resource
2023-02-13 07:56:38,994 [Worker-39: Building] INFO  o.a.m.s.f.DefaultMavenResourcesFiltering - skip non existing resourceDirectory D:\ws-eclipse\courseJPASpring\courseJPASpring\src\test\resources
2023-02-13 07:56:45,557 [Worker-44: Building] INFO  o.a.m.s.f.DefaultMavenResourcesFiltering - Copying 2 resources
2023-02-13 07:56:45,565 [Worker-44: Building] INFO  o.a.m.s.f.DefaultMavenResourcesFiltering - Copying 0 resource
2023-02-13 07:56:45,567 [Worker-44: Building] INFO  o.a.m.s.f.DefaultMavenResourcesFiltering - skip non existing resourceDirectory D:\ws-eclipse\courseJPASpring\courseJPASpring\src\test\resources
2023-02-13 07:56:47,833 [Worker-39: Building] INFO  o.a.m.s.f.DefaultMavenResourcesFiltering - Copying 2 resources
2023-02-13 07:56:47,841 [Worker-39: Building] INFO  o.a.m.s.f.DefaultMavenResourcesFiltering - Copying 0 resource
2023-02-13 07:56:47,843 [Worker-39: Building] INFO  o.a.m.s.f.DefaultMavenResourcesFiltering - skip non existing resourceDirectory D:\ws-eclipse\courseJPASpring\courseJPASpring\src\test\resources
2023-02-13 07:56:51,270 [Worker-44: Building] INFO  o.a.m.s.f.DefaultMavenResourcesFiltering - Copying 2 resources
2023-02-13 07:56:51,277 [Worker-44: Building] INFO  o.a.m.s.f.DefaultMavenResourcesFiltering - Copying 0 resource
2023-02-13 07:56:51,279 [Worker-44: Building] INFO  o.a.m.s.f.DefaultMavenResourcesFiltering - skip non existing resourceDirectory D:\ws-eclipse\courseJPASpring\courseJPASpring\src\test\resources
2023-02-13 07:56:56,747 [Worker-38: Building] INFO  o.a.m.s.f.DefaultMavenResourcesFiltering - Copying 2 resources
2023-02-13 07:56:56,754 [Worker-38: Building] INFO  o.a.m.s.f.DefaultMavenResourcesFiltering - Copying 0 resource
2023-02-13 07:56:56,756 [Worker-38: Building] INFO  o.a.m.s.f.DefaultMavenResourcesFiltering - skip non existing resourceDirectory D:\ws-eclipse\courseJPASpring\courseJPASpring\src\test\resources
2023-02-13 07:57:03,023 [Worker-41: Building] INFO  o.a.m.s.f.DefaultMavenResourcesFiltering - Copying 2 resources
2023-02-13 07:57:03,031 [Worker-41: Building] INFO  o.a.m.s.f.DefaultMavenResourcesFiltering - Copying 0 resource
2023-02-13 07:57:03,033 [Worker-41: Building] INFO  o.a.m.s.f.DefaultMavenResourcesFiltering - skip non existing resourceDirectory D:\ws-eclipse\courseJPASpring\courseJPASpring\src\test\resources
2023-02-13 07:57:11,549 [Worker-44: Building] INFO  o.a.m.s.f.DefaultMavenResourcesFiltering - Copying 2 resources
2023-02-13 07:57:11,557 [Worker-44: Building] INFO  o.a.m.s.f.DefaultMavenResourcesFiltering - Copying 0 resource
2023-02-13 07:57:11,559 [Worker-44: Building] INFO  o.a.m.s.f.DefaultMavenResourcesFiltering - skip non existing resourceDirectory D:\ws-eclipse\courseJPASpring\courseJPASpring\src\test\resources
2023-02-13 07:57:12,749 [Worker-42: Building] INFO  o.a.m.s.f.DefaultMavenResourcesFiltering - Copying 2 resources
2023-02-13 07:57:12,757 [Worker-42: Building] INFO  o.a.m.s.f.DefaultMavenResourcesFiltering - Copying 0 resource
2023-02-13 07:57:12,759 [Worker-42: Building] INFO  o.a.m.s.f.DefaultMavenResourcesFiltering - skip non existing resourceDirectory D:\ws-eclipse\courseJPASpring\courseJPASpring\src\test\resources
2023-02-13 07:57:16,524 [Worker-43: Building] INFO  o.a.m.s.f.DefaultMavenResourcesFiltering - Copying 2 resources
2023-02-13 07:57:16,531 [Worker-43: Building] INFO  o.a.m.s.f.DefaultMavenResourcesFiltering - Copying 0 resource
2023-02-13 07:57:16,533 [Worker-43: Building] INFO  o.a.m.s.f.DefaultMavenResourcesFiltering - skip non existing resourceDirectory D:\ws-eclipse\courseJPASpring\courseJPASpring\src\test\resources
2023-02-13 07:58:06,528 [Worker-40: Building] INFO  o.a.m.s.f.DefaultMavenResourcesFiltering - Copying 2 resources
2023-02-13 07:58:06,535 [Worker-40: Building] INFO  o.a.m.s.f.DefaultMavenResourcesFiltering - Copying 0 resource
2023-02-13 07:58:06,537 [Worker-40: Building] INFO  o.a.m.s.f.DefaultMavenResourcesFiltering - skip non existing resourceDirectory D:\ws-eclipse\courseJPASpring\courseJPASpring\src\test\resources
2023-02-13 07:58:29,003 [Worker-40: Building] INFO  o.a.m.s.f.DefaultMavenResourcesFiltering - Copying 2 resources
2023-02-13 07:58:29,013 [Worker-40: Building] INFO  o.a.m.s.f.DefaultMavenResourcesFiltering - Copying 0 resource
2023-02-13 07:58:29,015 [Worker-40: Building] INFO  o.a.m.s.f.DefaultMavenResourcesFiltering - skip non existing resourceDirectory D:\ws-eclipse\courseJPASpring\courseJPASpring\src\test\resources
2023-02-13 08:00:15,792 [Worker-42: Building] INFO  o.a.m.s.f.DefaultMavenResourcesFiltering - Copying 2 resources
2023-02-13 08:00:15,799 [Worker-42: Building] INFO  o.a.m.s.f.DefaultMavenResourcesFiltering - Copying 0 resource
2023-02-13 08:00:15,800 [Worker-42: Building] INFO  o.a.m.s.f.DefaultMavenResourcesFiltering - skip non existing resourceDirectory D:\ws-eclipse\courseJPASpring\courseJPASpring\src\test\resources
2023-02-13 08:05:43,626 [Worker-2: Loading available Gradle versions] INFO  o.e.b.c.i.u.g.PublishedGradleVersions - Gradle version information cache is up-to-date. Trying to read.
2023-02-13 08:05:51,727 [Worker-8: Building] INFO  o.a.m.s.f.DefaultMavenResourcesFiltering - Copying 2 resources
2023-02-13 08:05:51,748 [Worker-8: Building] INFO  o.a.m.s.f.DefaultMavenResourcesFiltering - Copying 0 resource
2023-02-13 08:05:51,752 [Worker-8: Building] INFO  o.a.m.s.f.DefaultMavenResourcesFiltering - skip non existing resourceDirectory D:\ws-eclipse\courseJPASpring\courseJPASpring\src\test\resources
2023-02-13 08:09:08,213 [Worker-8: Building] INFO  o.a.m.s.f.DefaultMavenResourcesFiltering - Copying 2 resources
2023-02-13 08:09:08,223 [Worker-8: Building] INFO  o.a.m.s.f.DefaultMavenResourcesFiltering - Copying 0 resource
2023-02-13 08:09:08,227 [Worker-8: Building] INFO  o.a.m.s.f.DefaultMavenResourcesFiltering - skip non existing resourceDirectory D:\ws-eclipse\courseJPASpring\courseJPASpring\src\test\resources
2023-02-13 08:09:46,039 [Worker-0: Building] INFO  o.a.m.s.f.DefaultMavenResourcesFiltering - Copying 2 resources
2023-02-13 08:09:46,045 [Worker-0: Building] INFO  o.a.m.s.f.DefaultMavenResourcesFiltering - Copying 0 resource
2023-02-13 08:09:46,048 [Worker-0: Building] INFO  o.a.m.s.f.DefaultMavenResourcesFiltering - skip non existing resourceDirectory D:\ws-eclipse\courseJPASpring\courseJPASpring\src\test\resources
2023-02-13 08:10:02,178 [Worker-0: Building] INFO  o.a.m.s.f.DefaultMavenResourcesFiltering - Copying 2 resources
2023-02-13 08:10:02,192 [Worker-0: Building] INFO  o.a.m.s.f.DefaultMavenResourcesFiltering - Copying 0 resource
2023-02-13 08:10:02,194 [Worker-0: Building] INFO  o.a.m.s.f.DefaultMavenResourcesFiltering - skip non existing resourceDirectory D:\ws-eclipse\courseJPASpring\courseJPASpring\src\test\resources
2023-02-13 08:10:07,663 [Worker-15: Building] INFO  o.a.m.s.f.DefaultMavenResourcesFiltering - Copying 2 resources
2023-02-13 08:10:07,671 [Worker-15: Building] INFO  o.a.m.s.f.DefaultMavenResourcesFiltering - Copying 0 resource
2023-02-13 08:10:07,674 [Worker-15: Building] INFO  o.a.m.s.f.DefaultMavenResourcesFiltering - skip non existing resourceDirectory D:\ws-eclipse\courseJPASpring\courseJPASpring\src\test\resources
2023-02-13 08:10:08,703 [Worker-8: Building] INFO  o.a.m.s.f.DefaultMavenResourcesFiltering - Copying 2 resources
2023-02-13 08:10:08,711 [Worker-8: Building] INFO  o.a.m.s.f.DefaultMavenResourcesFiltering - Copying 0 resource
2023-02-13 08:10:08,713 [Worker-8: Building] INFO  o.a.m.s.f.DefaultMavenResourcesFiltering - skip non existing resourceDirectory D:\ws-eclipse\courseJPASpring\courseJPASpring\src\test\resources
2023-02-13 08:10:12,523 [Worker-16: Building] INFO  o.a.m.s.f.DefaultMavenResourcesFiltering - Copying 2 resources
2023-02-13 08:10:12,549 [Worker-16: Building] INFO  o.a.m.s.f.DefaultMavenResourcesFiltering - Copying 0 resource
2023-02-13 08:10:12,552 [Worker-16: Building] INFO  o.a.m.s.f.DefaultMavenResourcesFiltering - skip non existing resourceDirectory D:\ws-eclipse\courseJPASpring\courseJPASpring\src\test\resources
2023-02-13 08:10:40,669 [Worker-8: Building] INFO  o.a.m.s.f.DefaultMavenResourcesFiltering - Copying 2 resources
2023-02-13 08:10:40,677 [Worker-8: Building] INFO  o.a.m.s.f.DefaultMavenResourcesFiltering - Copying 0 resource
2023-02-13 08:10:40,680 [Worker-8: Building] INFO  o.a.m.s.f.DefaultMavenResourcesFiltering - skip non existing resourceDirectory D:\ws-eclipse\courseJPASpring\courseJPASpring\src\test\resources
2023-02-13 08:10:47,442 [Worker-8: Building] INFO  o.a.m.s.f.DefaultMavenResourcesFiltering - Copying 2 resources
2023-02-13 08:10:47,450 [Worker-8: Building] INFO  o.a.m.s.f.DefaultMavenResourcesFiltering - Copying 0 resource
2023-02-13 08:10:47,452 [Worker-8: Building] INFO  o.a.m.s.f.DefaultMavenResourcesFiltering - skip non existing resourceDirectory D:\ws-eclipse\courseJPASpring\courseJPASpring\src\test\resources
2023-02-13 08:11:02,981 [Worker-15: Building] INFO  o.a.m.s.f.DefaultMavenResourcesFiltering - Copying 2 resources
2023-02-13 08:11:02,992 [Worker-15: Building] INFO  o.a.m.s.f.DefaultMavenResourcesFiltering - Copying 0 resource
2023-02-13 08:11:02,995 [Worker-15: Building] INFO  o.a.m.s.f.DefaultMavenResourcesFiltering - skip non existing resourceDirectory D:\ws-eclipse\courseJPASpring\courseJPASpring\src\test\resources
2023-02-13 08:11:04,107 [Worker-14: Building] INFO  o.a.m.s.f.DefaultMavenResourcesFiltering - Copying 2 resources
2023-02-13 08:11:04,114 [Worker-14: Building] INFO  o.a.m.s.f.DefaultMavenResourcesFiltering - Copying 0 resource
2023-02-13 08:11:04,116 [Worker-14: Building] INFO  o.a.m.s.f.DefaultMavenResourcesFiltering - skip non existing resourceDirectory D:\ws-eclipse\courseJPASpring\courseJPASpring\src\test\resources
2023-02-13 08:11:05,163 [Worker-8: Building] INFO  o.a.m.s.f.DefaultMavenResourcesFiltering - Copying 2 resources
2023-02-13 08:11:05,203 [Worker-8: Building] INFO  o.a.m.s.f.DefaultMavenResourcesFiltering - Copying 0 resource
2023-02-13 08:11:05,206 [Worker-8: Building] INFO  o.a.m.s.f.DefaultMavenResourcesFiltering - skip non existing resourceDirectory D:\ws-eclipse\courseJPASpring\courseJPASpring\src\test\resources
2023-02-13 08:11:15,942 [Worker-16: Building] INFO  o.a.m.s.f.DefaultMavenResourcesFiltering - Copying 2 resources
2023-02-13 08:11:15,949 [Worker-16: Building] INFO  o.a.m.s.f.DefaultMavenResourcesFiltering - Copying 0 resource
2023-02-13 08:11:15,951 [Worker-16: Building] INFO  o.a.m.s.f.DefaultMavenResourcesFiltering - skip non existing resourceDirectory D:\ws-eclipse\courseJPASpring\courseJPASpring\src\test\resources
2023-02-13 08:11:21,137 [Worker-15: Building] INFO  o.a.m.s.f.DefaultMavenResourcesFiltering - Copying 2 resources
2023-02-13 08:11:21,158 [Worker-15: Building] INFO  o.a.m.s.f.DefaultMavenResourcesFiltering - Copying 0 resource
2023-02-13 08:11:21,160 [Worker-15: Building] INFO  o.a.m.s.f.DefaultMavenResourcesFiltering - skip non existing resourceDirectory D:\ws-eclipse\courseJPASpring\courseJPASpring\src\test\resources
2023-02-13 08:11:30,764 [Worker-15: Building] INFO  o.a.m.s.f.DefaultMavenResourcesFiltering - Copying 2 resources
2023-02-13 08:11:30,771 [Worker-15: Building] INFO  o.a.m.s.f.DefaultMavenResourcesFiltering - Copying 0 resource
2023-02-13 08:11:30,773 [Worker-15: Building] INFO  o.a.m.s.f.DefaultMavenResourcesFiltering - skip non existing resourceDirectory D:\ws-eclipse\courseJPASpring\courseJPASpring\src\test\resources
2023-02-13 08:11:43,786 [Worker-3: Building] INFO  o.a.m.s.f.DefaultMavenResourcesFiltering - Copying 2 resources
2023-02-13 08:11:43,796 [Worker-3: Building] INFO  o.a.m.s.f.DefaultMavenResourcesFiltering - Copying 0 resource
2023-02-13 08:11:43,801 [Worker-3: Building] INFO  o.a.m.s.f.DefaultMavenResourcesFiltering - skip non existing resourceDirectory D:\ws-eclipse\courseJPASpring\courseJPASpring\src\test\resources
2023-02-13 08:12:37,753 [Worker-14: Building] INFO  o.a.m.s.f.DefaultMavenResourcesFiltering - Copying 2 resources
2023-02-13 08:12:37,761 [Worker-14: Building] INFO  o.a.m.s.f.DefaultMavenResourcesFiltering - Copying 0 resource
2023-02-13 08:12:37,762 [Worker-14: Building] INFO  o.a.m.s.f.DefaultMavenResourcesFiltering - skip non existing resourceDirectory D:\ws-eclipse\courseJPASpring\courseJPASpring\src\test\resources
2023-02-13 08:12:41,772 [Worker-17: Building] INFO  o.a.m.s.f.DefaultMavenResourcesFiltering - Copying 2 resources
2023-02-13 08:12:41,793 [Worker-17: Building] INFO  o.a.m.s.f.DefaultMavenResourcesFiltering - Copying 0 resource
2023-02-13 08:12:41,795 [Worker-17: Building] INFO  o.a.m.s.f.DefaultMavenResourcesFiltering - skip non existing resourceDirectory D:\ws-eclipse\courseJPASpring\courseJPASpring\src\test\resources
2023-02-13 08:12:58,490 [Worker-0: Building] INFO  o.a.m.s.f.DefaultMavenResourcesFiltering - Copying 2 resources
2023-02-13 08:12:58,497 [Worker-0: Building] INFO  o.a.m.s.f.DefaultMavenResourcesFiltering - Copying 0 resource
2023-02-13 08:12:58,499 [Worker-0: Building] INFO  o.a.m.s.f.DefaultMavenResourcesFiltering - skip non existing resourceDirectory D:\ws-eclipse\courseJPASpring\courseJPASpring\src\test\resources
2023-02-13 08:12:59,525 [Worker-17: Building] INFO  o.a.m.s.f.DefaultMavenResourcesFiltering - Copying 2 resources
2023-02-13 08:12:59,534 [Worker-17: Building] INFO  o.a.m.s.f.DefaultMavenResourcesFiltering - Copying 0 resource
2023-02-13 08:12:59,536 [Worker-17: Building] INFO  o.a.m.s.f.DefaultMavenResourcesFiltering - skip non existing resourceDirectory D:\ws-eclipse\courseJPASpring\courseJPASpring\src\test\resources
2023-02-13 08:13:03,549 [Worker-15: Building] INFO  o.a.m.s.f.DefaultMavenResourcesFiltering - Copying 2 resources
2023-02-13 08:13:03,568 [Worker-15: Building] INFO  o.a.m.s.f.DefaultMavenResourcesFiltering - Copying 0 resource
2023-02-13 08:13:03,570 [Worker-15: Building] INFO  o.a.m.s.f.DefaultMavenResourcesFiltering - skip non existing resourceDirectory D:\ws-eclipse\courseJPASpring\courseJPASpring\src\test\resources
2023-02-13 08:13:04,701 [Worker-15: Building] INFO  o.a.m.s.f.DefaultMavenResourcesFiltering - Copying 2 resources
2023-02-13 08:13:04,708 [Worker-15: Building] INFO  o.a.m.s.f.DefaultMavenResourcesFiltering - Copying 0 resource
2023-02-13 08:13:04,710 [Worker-15: Building] INFO  o.a.m.s.f.DefaultMavenResourcesFiltering - skip non existing resourceDirectory D:\ws-eclipse\courseJPASpring\courseJPASpring\src\test\resources
2023-02-13 08:14:44,667 [Worker-21: Building] INFO  o.a.m.s.f.DefaultMavenResourcesFiltering - Copying 2 resources
2023-02-13 08:14:44,675 [Worker-21: Building] INFO  o.a.m.s.f.DefaultMavenResourcesFiltering - Copying 0 resource
2023-02-13 08:14:44,677 [Worker-21: Building] INFO  o.a.m.s.f.DefaultMavenResourcesFiltering - skip non existing resourceDirectory D:\ws-eclipse\courseJPASpring\courseJPASpring\src\test\resources
2023-02-13 08:14:51,587 [Worker-20: Building] INFO  o.a.m.s.f.DefaultMavenResourcesFiltering - Copying 2 resources
2023-02-13 08:14:51,594 [Worker-20: Building] INFO  o.a.m.s.f.DefaultMavenResourcesFiltering - Copying 0 resource
2023-02-13 08:14:51,596 [Worker-20: Building] INFO  o.a.m.s.f.DefaultMavenResourcesFiltering - skip non existing resourceDirectory D:\ws-eclipse\courseJPASpring\courseJPASpring\src\test\resources
2023-02-13 08:14:53,237 [Worker-19: Building] INFO  o.a.m.s.f.DefaultMavenResourcesFiltering - Copying 2 resources
2023-02-13 08:14:53,244 [Worker-19: Building] INFO  o.a.m.s.f.DefaultMavenResourcesFiltering - Copying 0 resource
2023-02-13 08:14:53,246 [Worker-19: Building] INFO  o.a.m.s.f.DefaultMavenResourcesFiltering - skip non existing resourceDirectory D:\ws-eclipse\courseJPASpring\courseJPASpring\src\test\resources
2023-02-13 08:14:55,389 [Worker-19: Building] INFO  o.a.m.s.f.DefaultMavenResourcesFiltering - Copying 2 resources
2023-02-13 08:14:55,413 [Worker-19: Building] INFO  o.a.m.s.f.DefaultMavenResourcesFiltering - Copying 0 resource
2023-02-13 08:14:55,415 [Worker-19: Building] INFO  o.a.m.s.f.DefaultMavenResourcesFiltering - skip non existing resourceDirectory D:\ws-eclipse\courseJPASpring\courseJPASpring\src\test\resources
2023-02-13 08:15:01,110 [Worker-21: Building] INFO  o.a.m.s.f.DefaultMavenResourcesFiltering - Copying 2 resources
2023-02-13 08:15:01,117 [Worker-21: Building] INFO  o.a.m.s.f.DefaultMavenResourcesFiltering - Copying 0 resource
2023-02-13 08:15:01,119 [Worker-21: Building] INFO  o.a.m.s.f.DefaultMavenResourcesFiltering - skip non existing resourceDirectory D:\ws-eclipse\courseJPASpring\courseJPASpring\src\test\resources
2023-02-13 08:15:12,974 [Worker-19: Building] INFO  o.a.m.s.f.DefaultMavenResourcesFiltering - Copying 2 resources
2023-02-13 08:15:12,982 [Worker-19: Building] INFO  o.a.m.s.f.DefaultMavenResourcesFiltering - Copying 0 resource
2023-02-13 08:15:12,984 [Worker-19: Building] INFO  o.a.m.s.f.DefaultMavenResourcesFiltering - skip non existing resourceDirectory D:\ws-eclipse\courseJPASpring\courseJPASpring\src\test\resources
2023-02-13 08:15:23,372 [Worker-22: Building] INFO  o.a.m.s.f.DefaultMavenResourcesFiltering - Copying 2 resources
2023-02-13 08:15:23,381 [Worker-22: Building] INFO  o.a.m.s.f.DefaultMavenResourcesFiltering - Copying 0 resource
2023-02-13 08:15:23,383 [Worker-22: Building] INFO  o.a.m.s.f.DefaultMavenResourcesFiltering - skip non existing resourceDirectory D:\ws-eclipse\courseJPASpring\courseJPASpring\src\test\resources
2023-02-13 08:15:25,912 [Worker-19: Building] INFO  o.a.m.s.f.DefaultMavenResourcesFiltering - Copying 2 resources
2023-02-13 08:15:25,919 [Worker-19: Building] INFO  o.a.m.s.f.DefaultMavenResourcesFiltering - Copying 0 resource
2023-02-13 08:15:25,920 [Worker-19: Building] INFO  o.a.m.s.f.DefaultMavenResourcesFiltering - skip non existing resourceDirectory D:\ws-eclipse\courseJPASpring\courseJPASpring\src\test\resources
2023-02-13 08:15:29,577 [Worker-22: Building] INFO  o.a.m.s.f.DefaultMavenResourcesFiltering - Copying 2 resources
2023-02-13 08:15:29,583 [Worker-22: Building] INFO  o.a.m.s.f.DefaultMavenResourcesFiltering - Copying 0 resource
2023-02-13 08:15:29,585 [Worker-22: Building] INFO  o.a.m.s.f.DefaultMavenResourcesFiltering - skip non existing resourceDirectory D:\ws-eclipse\courseJPASpring\courseJPASpring\src\test\resources
2023-02-13 08:15:34,174 [Worker-19: Building] INFO  o.a.m.s.f.DefaultMavenResourcesFiltering - Copying 2 resources
2023-02-13 08:15:34,183 [Worker-19: Building] INFO  o.a.m.s.f.DefaultMavenResourcesFiltering - Copying 0 resource
2023-02-13 08:15:34,185 [Worker-19: Building] INFO  o.a.m.s.f.DefaultMavenResourcesFiltering - skip non existing resourceDirectory D:\ws-eclipse\courseJPASpring\courseJPASpring\src\test\resources
2023-02-13 08:16:13,920 [Worker-15: Building] INFO  o.a.m.s.f.DefaultMavenResourcesFiltering - Copying 2 resources
2023-02-13 08:16:13,927 [Worker-15: Building] INFO  o.a.m.s.f.DefaultMavenResourcesFiltering - Copying 0 resource
2023-02-13 08:16:13,930 [Worker-15: Building] INFO  o.a.m.s.f.DefaultMavenResourcesFiltering - skip non existing resourceDirectory D:\ws-eclipse\courseJPASpring\courseJPASpring\src\test\resources
2023-02-13 08:16:19,012 [Worker-23: Building] INFO  o.a.m.s.f.DefaultMavenResourcesFiltering - Copying 2 resources
2023-02-13 08:16:19,018 [Worker-23: Building] INFO  o.a.m.s.f.DefaultMavenResourcesFiltering - Copying 0 resource
2023-02-13 08:16:19,021 [Worker-23: Building] INFO  o.a.m.s.f.DefaultMavenResourcesFiltering - skip non existing resourceDirectory D:\ws-eclipse\courseJPASpring\courseJPASpring\src\test\resources
2023-02-13 08:16:22,676 [Worker-23: Building] INFO  o.a.m.s.f.DefaultMavenResourcesFiltering - Copying 2 resources
2023-02-13 08:16:22,683 [Worker-23: Building] INFO  o.a.m.s.f.DefaultMavenResourcesFiltering - Copying 0 resource
2023-02-13 08:16:22,685 [Worker-23: Building] INFO  o.a.m.s.f.DefaultMavenResourcesFiltering - skip non existing resourceDirectory D:\ws-eclipse\courseJPASpring\courseJPASpring\src\test\resources
2023-02-13 08:16:54,132 [Worker-24: Building] INFO  o.a.m.s.f.DefaultMavenResourcesFiltering - Copying 2 resources
2023-02-13 08:16:54,140 [Worker-24: Building] INFO  o.a.m.s.f.DefaultMavenResourcesFiltering - Copying 0 resource
2023-02-13 08:16:54,142 [Worker-24: Building] INFO  o.a.m.s.f.DefaultMavenResourcesFiltering - skip non existing resourceDirectory D:\ws-eclipse\courseJPASpring\courseJPASpring\src\test\resources
2023-02-13 08:16:56,002 [Worker-21: Building] INFO  o.a.m.s.f.DefaultMavenResourcesFiltering - Copying 2 resources
2023-02-13 08:16:56,010 [Worker-21: Building] INFO  o.a.m.s.f.DefaultMavenResourcesFiltering - Copying 0 resource
2023-02-13 08:16:56,012 [Worker-21: Building] INFO  o.a.m.s.f.DefaultMavenResourcesFiltering - skip non existing resourceDirectory D:\ws-eclipse\courseJPASpring\courseJPASpring\src\test\resources
2023-02-13 08:23:16,851 [Worker-29: Building] INFO  o.a.m.s.f.DefaultMavenResourcesFiltering - Copying 2 resources
2023-02-13 08:23:16,857 [Worker-29: Building] INFO  o.a.m.s.f.DefaultMavenResourcesFiltering - Copying 0 resource
2023-02-13 08:23:16,859 [Worker-29: Building] INFO  o.a.m.s.f.DefaultMavenResourcesFiltering - skip non existing resourceDirectory D:\ws-eclipse\courseJPASpring\courseJPASpring\src\test\resources
2023-02-13 08:23:18,894 [Worker-27: Building] INFO  o.a.m.s.f.DefaultMavenResourcesFiltering - Copying 2 resources
2023-02-13 08:23:18,901 [Worker-27: Building] INFO  o.a.m.s.f.DefaultMavenResourcesFiltering - Copying 0 resource
2023-02-13 08:23:18,903 [Worker-27: Building] INFO  o.a.m.s.f.DefaultMavenResourcesFiltering - skip non existing resourceDirectory D:\ws-eclipse\courseJPASpring\courseJPASpring\src\test\resources
2023-02-13 08:23:43,197 [Worker-8: Building] INFO  o.a.m.s.f.DefaultMavenResourcesFiltering - Copying 2 resources
2023-02-13 08:23:43,205 [Worker-8: Building] INFO  o.a.m.s.f.DefaultMavenResourcesFiltering - Copying 0 resource
2023-02-13 08:23:43,207 [Worker-8: Building] INFO  o.a.m.s.f.DefaultMavenResourcesFiltering - skip non existing resourceDirectory D:\ws-eclipse\courseJPASpring\courseJPASpring\src\test\resources
2023-02-13 08:23:49,316 [Worker-27: Building] INFO  o.a.m.s.f.DefaultMavenResourcesFiltering - Copying 2 resources
2023-02-13 08:23:49,323 [Worker-27: Building] INFO  o.a.m.s.f.DefaultMavenResourcesFiltering - Copying 0 resource
2023-02-13 08:23:49,324 [Worker-27: Building] INFO  o.a.m.s.f.DefaultMavenResourcesFiltering - skip non existing resourceDirectory D:\ws-eclipse\courseJPASpring\courseJPASpring\src\test\resources
2023-02-13 08:23:59,117 [Worker-28: Building] INFO  o.a.m.s.f.DefaultMavenResourcesFiltering - Copying 2 resources
2023-02-13 08:23:59,124 [Worker-28: Building] INFO  o.a.m.s.f.DefaultMavenResourcesFiltering - Copying 0 resource
2023-02-13 08:23:59,126 [Worker-28: Building] INFO  o.a.m.s.f.DefaultMavenResourcesFiltering - skip non existing resourceDirectory D:\ws-eclipse\courseJPASpring\courseJPASpring\src\test\resources
2023-02-13 08:24:03,308 [Worker-28: Building] INFO  o.a.m.s.f.DefaultMavenResourcesFiltering - Copying 2 resources
2023-02-13 08:24:03,316 [Worker-28: Building] INFO  o.a.m.s.f.DefaultMavenResourcesFiltering - Copying 0 resource
2023-02-13 08:24:03,318 [Worker-28: Building] INFO  o.a.m.s.f.DefaultMavenResourcesFiltering - skip non existing resourceDirectory D:\ws-eclipse\courseJPASpring\courseJPASpring\src\test\resources
2023-02-13 08:24:09,800 [Worker-30: Building] INFO  o.a.m.s.f.DefaultMavenResourcesFiltering - Copying 2 resources
2023-02-13 08:24:09,807 [Worker-30: Building] INFO  o.a.m.s.f.DefaultMavenResourcesFiltering - Copying 0 resource
2023-02-13 08:24:09,809 [Worker-30: Building] INFO  o.a.m.s.f.DefaultMavenResourcesFiltering - skip non existing resourceDirectory D:\ws-eclipse\courseJPASpring\courseJPASpring\src\test\resources
2023-02-13 08:24:33,524 [Worker-30: Building] INFO  o.a.m.s.f.DefaultMavenResourcesFiltering - Copying 2 resources
2023-02-13 08:24:33,532 [Worker-30: Building] INFO  o.a.m.s.f.DefaultMavenResourcesFiltering - Copying 0 resource
2023-02-13 08:24:33,535 [Worker-30: Building] INFO  o.a.m.s.f.DefaultMavenResourcesFiltering - skip non existing resourceDirectory D:\ws-eclipse\courseJPASpring\courseJPASpring\src\test\resources
2023-02-13 08:24:49,977 [Worker-30: Building] INFO  o.a.m.s.f.DefaultMavenResourcesFiltering - Copying 2 resources
2023-02-13 08:24:49,984 [Worker-30: Building] INFO  o.a.m.s.f.DefaultMavenResourcesFiltering - Copying 0 resource
2023-02-13 08:24:49,986 [Worker-30: Building] INFO  o.a.m.s.f.DefaultMavenResourcesFiltering - skip non existing resourceDirectory D:\ws-eclipse\courseJPASpring\courseJPASpring\src\test\resources
2023-02-13 08:24:51,009 [Worker-27: Building] INFO  o.a.m.s.f.DefaultMavenResourcesFiltering - Copying 2 resources
2023-02-13 08:24:51,016 [Worker-27: Building] INFO  o.a.m.s.f.DefaultMavenResourcesFiltering - Copying 0 resource
2023-02-13 08:24:51,018 [Worker-27: Building] INFO  o.a.m.s.f.DefaultMavenResourcesFiltering - skip non existing resourceDirectory D:\ws-eclipse\courseJPASpring\courseJPASpring\src\test\resources
2023-02-13 08:25:05,434 [Worker-27: Building] INFO  o.a.m.s.f.DefaultMavenResourcesFiltering - Copying 2 resources
2023-02-13 08:25:05,442 [Worker-27: Building] INFO  o.a.m.s.f.DefaultMavenResourcesFiltering - Copying 0 resource
2023-02-13 08:25:05,444 [Worker-27: Building] INFO  o.a.m.s.f.DefaultMavenResourcesFiltering - skip non existing resourceDirectory D:\ws-eclipse\courseJPASpring\courseJPASpring\src\test\resources
2023-02-13 08:25:07,910 [Worker-8: Building] INFO  o.a.m.s.f.DefaultMavenResourcesFiltering - Copying 2 resources
2023-02-13 08:25:07,917 [Worker-8: Building] INFO  o.a.m.s.f.DefaultMavenResourcesFiltering - Copying 0 resource
2023-02-13 08:25:07,932 [Worker-8: Building] INFO  o.a.m.s.f.DefaultMavenResourcesFiltering - skip non existing resourceDirectory D:\ws-eclipse\courseJPASpring\courseJPASpring\src\test\resources
2023-02-13 08:25:16,242 [Worker-25: Building] INFO  o.a.m.s.f.DefaultMavenResourcesFiltering - Copying 2 resources
2023-02-13 08:25:16,250 [Worker-25: Building] INFO  o.a.m.s.f.DefaultMavenResourcesFiltering - Copying 0 resource
2023-02-13 08:25:16,252 [Worker-25: Building] INFO  o.a.m.s.f.DefaultMavenResourcesFiltering - skip non existing resourceDirectory D:\ws-eclipse\courseJPASpring\courseJPASpring\src\test\resources
2023-02-13 08:25:17,701 [Worker-28: Building] INFO  o.a.m.s.f.DefaultMavenResourcesFiltering - Copying 2 resources
2023-02-13 08:25:17,730 [Worker-28: Building] INFO  o.a.m.s.f.DefaultMavenResourcesFiltering - Copying 0 resource
2023-02-13 08:25:17,731 [Worker-28: Building] INFO  o.a.m.s.f.DefaultMavenResourcesFiltering - skip non existing resourceDirectory D:\ws-eclipse\courseJPASpring\courseJPASpring\src\test\resources
2023-02-13 08:25:20,841 [Worker-29: Building] INFO  o.a.m.s.f.DefaultMavenResourcesFiltering - Copying 2 resources
2023-02-13 08:25:20,848 [Worker-29: Building] INFO  o.a.m.s.f.DefaultMavenResourcesFiltering - Copying 0 resource
2023-02-13 08:25:20,849 [Worker-29: Building] INFO  o.a.m.s.f.DefaultMavenResourcesFiltering - skip non existing resourceDirectory D:\ws-eclipse\courseJPASpring\courseJPASpring\src\test\resources
2023-02-13 08:26:45,854 [Worker-30: Building] INFO  o.a.m.s.f.DefaultMavenResourcesFiltering - Copying 2 resources
2023-02-13 08:26:45,861 [Worker-30: Building] INFO  o.a.m.s.f.DefaultMavenResourcesFiltering - Copying 0 resource
2023-02-13 08:26:45,863 [Worker-30: Building] INFO  o.a.m.s.f.DefaultMavenResourcesFiltering - skip non existing resourceDirectory D:\ws-eclipse\courseJPASpring\courseJPASpring\src\test\resources
2023-02-13 08:27:19,498 [Worker-28: Building] INFO  o.a.m.s.f.DefaultMavenResourcesFiltering - Copying 2 resources
2023-02-13 08:27:19,507 [Worker-28: Building] INFO  o.a.m.s.f.DefaultMavenResourcesFiltering - Copying 0 resource
2023-02-13 08:27:19,509 [Worker-28: Building] INFO  o.a.m.s.f.DefaultMavenResourcesFiltering - skip non existing resourceDirectory D:\ws-eclipse\courseJPASpring\courseJPASpring\src\test\resources
2023-02-13 08:27:20,541 [Worker-31: Building] INFO  o.a.m.s.f.DefaultMavenResourcesFiltering - Copying 2 resources
2023-02-13 08:27:20,549 [Worker-31: Building] INFO  o.a.m.s.f.DefaultMavenResourcesFiltering - Copying 0 resource
2023-02-13 08:27:20,551 [Worker-31: Building] INFO  o.a.m.s.f.DefaultMavenResourcesFiltering - skip non existing resourceDirectory D:\ws-eclipse\courseJPASpring\courseJPASpring\src\test\resources
2023-02-13 08:27:22,683 [Worker-29: Building] INFO  o.a.m.s.f.DefaultMavenResourcesFiltering - Copying 2 resources
2023-02-13 08:27:22,718 [Worker-29: Building] INFO  o.a.m.s.f.DefaultMavenResourcesFiltering - Copying 0 resource
2023-02-13 08:27:22,722 [Worker-29: Building] INFO  o.a.m.s.f.DefaultMavenResourcesFiltering - skip non existing resourceDirectory D:\ws-eclipse\courseJPASpring\courseJPASpring\src\test\resources
2023-02-13 08:27:31,658 [Worker-29: Building] INFO  o.a.m.s.f.DefaultMavenResourcesFiltering - Copying 2 resources
2023-02-13 08:27:31,665 [Worker-29: Building] INFO  o.a.m.s.f.DefaultMavenResourcesFiltering - Copying 0 resource
2023-02-13 08:27:31,667 [Worker-29: Building] INFO  o.a.m.s.f.DefaultMavenResourcesFiltering - skip non existing resourceDirectory D:\ws-eclipse\courseJPASpring\courseJPASpring\src\test\resources
2023-02-13 08:27:33,742 [Worker-28: Building] INFO  o.a.m.s.f.DefaultMavenResourcesFiltering - Copying 2 resources
2023-02-13 08:27:33,751 [Worker-28: Building] INFO  o.a.m.s.f.DefaultMavenResourcesFiltering - Copying 0 resource
2023-02-13 08:27:33,753 [Worker-28: Building] INFO  o.a.m.s.f.DefaultMavenResourcesFiltering - skip non existing resourceDirectory D:\ws-eclipse\courseJPASpring\courseJPASpring\src\test\resources
2023-02-13 08:27:42,755 [Worker-31: Building] INFO  o.a.m.s.f.DefaultMavenResourcesFiltering - Copying 2 resources
2023-02-13 08:27:42,762 [Worker-31: Building] INFO  o.a.m.s.f.DefaultMavenResourcesFiltering - Copying 0 resource
2023-02-13 08:27:42,764 [Worker-31: Building] INFO  o.a.m.s.f.DefaultMavenResourcesFiltering - skip non existing resourceDirectory D:\ws-eclipse\courseJPASpring\courseJPASpring\src\test\resources
2023-02-13 08:28:03,302 [Worker-28: Building] INFO  o.a.m.s.f.DefaultMavenResourcesFiltering - Copying 2 resources
2023-02-13 08:28:03,310 [Worker-28: Building] INFO  o.a.m.s.f.DefaultMavenResourcesFiltering - Copying 0 resource
2023-02-13 08:28:03,311 [Worker-28: Building] INFO  o.a.m.s.f.DefaultMavenResourcesFiltering - skip non existing resourceDirectory D:\ws-eclipse\courseJPASpring\courseJPASpring\src\test\resources
2023-02-13 08:28:04,361 [Worker-29: Building] INFO  o.a.m.s.f.DefaultMavenResourcesFiltering - Copying 2 resources
2023-02-13 08:28:04,368 [Worker-29: Building] INFO  o.a.m.s.f.DefaultMavenResourcesFiltering - Copying 0 resource
2023-02-13 08:28:04,370 [Worker-29: Building] INFO  o.a.m.s.f.DefaultMavenResourcesFiltering - skip non existing resourceDirectory D:\ws-eclipse\courseJPASpring\courseJPASpring\src\test\resources
2023-02-13 12:54:32,531 [Worker-4: Loading available Gradle versions] INFO  o.e.b.c.i.u.g.PublishedGradleVersions - Gradle version information cache is up-to-date. Trying to read.
2023-02-13 13:16:53,555 [Worker-13: Building] INFO  o.a.m.s.f.DefaultMavenResourcesFiltering - Copying 2 resources
2023-02-13 13:16:53,585 [Worker-13: Building] INFO  o.a.m.s.f.DefaultMavenResourcesFiltering - Copying 0 resource
2023-02-13 13:16:53,590 [Worker-13: Building] INFO  o.a.m.s.f.DefaultMavenResourcesFiltering - skip non existing resourceDirectory D:\ws-eclipse\courseJPASpring\courseJPASpring\src\test\resources
2023-02-13 13:17:04,983 [Worker-16: Building] INFO  o.a.m.s.f.DefaultMavenResourcesFiltering - Copying 2 resources
2023-02-13 13:17:04,994 [Worker-16: Building] INFO  o.a.m.s.f.DefaultMavenResourcesFiltering - Copying 0 resource
2023-02-13 13:17:04,998 [Worker-16: Building] INFO  o.a.m.s.f.DefaultMavenResourcesFiltering - skip non existing resourceDirectory D:\ws-eclipse\courseJPASpring\courseJPASpring\src\test\resources
2023-02-13 13:17:07,118 [Worker-18: Building] INFO  o.a.m.s.f.DefaultMavenResourcesFiltering - Copying 2 resources
2023-02-13 13:17:07,125 [Worker-18: Building] INFO  o.a.m.s.f.DefaultMavenResourcesFiltering - Copying 0 resource
2023-02-13 13:17:07,129 [Worker-18: Building] INFO  o.a.m.s.f.DefaultMavenResourcesFiltering - skip non existing resourceDirectory D:\ws-eclipse\courseJPASpring\courseJPASpring\src\test\resources
2023-02-13 13:17:10,726 [Worker-13: Building] INFO  o.a.m.s.f.DefaultMavenResourcesFiltering - Copying 2 resources
2023-02-13 13:17:10,734 [Worker-13: Building] INFO  o.a.m.s.f.DefaultMavenResourcesFiltering - Copying 0 resource
2023-02-13 13:17:10,737 [Worker-13: Building] INFO  o.a.m.s.f.DefaultMavenResourcesFiltering - skip non existing resourceDirectory D:\ws-eclipse\courseJPASpring\courseJPASpring\src\test\resources
2023-02-13 13:17:19,064 [Worker-14: Building] INFO  o.a.m.s.f.DefaultMavenResourcesFiltering - Copying 2 resources
2023-02-13 13:17:19,111 [Worker-14: Building] INFO  o.a.m.s.f.DefaultMavenResourcesFiltering - Copying 0 resource
2023-02-13 13:17:19,114 [Worker-14: Building] INFO  o.a.m.s.f.DefaultMavenResourcesFiltering - skip non existing resourceDirectory D:\ws-eclipse\courseJPASpring\courseJPASpring\src\test\resources
2023-02-13 13:17:32,337 [Worker-17: Building] INFO  o.a.m.s.f.DefaultMavenResourcesFiltering - Copying 2 resources
2023-02-13 13:17:32,378 [Worker-17: Building] INFO  o.a.m.s.f.DefaultMavenResourcesFiltering - Copying 0 resource
2023-02-13 13:17:32,380 [Worker-17: Building] INFO  o.a.m.s.f.DefaultMavenResourcesFiltering - skip non existing resourceDirectory D:\ws-eclipse\courseJPASpring\courseJPASpring\src\test\resources
2023-02-13 13:17:34,487 [Worker-14: Building] INFO  o.a.m.s.f.DefaultMavenResourcesFiltering - Copying 2 resources
2023-02-13 13:17:34,494 [Worker-14: Building] INFO  o.a.m.s.f.DefaultMavenResourcesFiltering - Copying 0 resource
2023-02-13 13:17:34,496 [Worker-14: Building] INFO  o.a.m.s.f.DefaultMavenResourcesFiltering - skip non existing resourceDirectory D:\ws-eclipse\courseJPASpring\courseJPASpring\src\test\resources
2023-02-13 13:17:38,432 [Worker-16: Building] INFO  o.a.m.s.f.DefaultMavenResourcesFiltering - Copying 2 resources
2023-02-13 13:17:38,440 [Worker-16: Building] INFO  o.a.m.s.f.DefaultMavenResourcesFiltering - Copying 0 resource
2023-02-13 13:17:38,443 [Worker-16: Building] INFO  o.a.m.s.f.DefaultMavenResourcesFiltering - skip non existing resourceDirectory D:\ws-eclipse\courseJPASpring\courseJPASpring\src\test\resources
2023-02-13 13:18:15,864 [Worker-13: Building] INFO  o.a.m.s.f.DefaultMavenResourcesFiltering - Copying 2 resources
2023-02-13 13:18:15,872 [Worker-13: Building] INFO  o.a.m.s.f.DefaultMavenResourcesFiltering - Copying 0 resource
2023-02-13 13:18:15,874 [Worker-13: Building] INFO  o.a.m.s.f.DefaultMavenResourcesFiltering - skip non existing resourceDirectory D:\ws-eclipse\courseJPASpring\courseJPASpring\src\test\resources
2023-02-13 13:18:27,566 [Worker-15: Building] INFO  o.a.m.s.f.DefaultMavenResourcesFiltering - Copying 2 resources
2023-02-13 13:18:27,575 [Worker-15: Building] INFO  o.a.m.s.f.DefaultMavenResourcesFiltering - Copying 0 resource
2023-02-13 13:18:27,578 [Worker-15: Building] INFO  o.a.m.s.f.DefaultMavenResourcesFiltering - skip non existing resourceDirectory D:\ws-eclipse\courseJPASpring\courseJPASpring\src\test\resources
2023-02-13 13:18:28,605 [Worker-17: Building] INFO  o.a.m.s.f.DefaultMavenResourcesFiltering - Copying 2 resources
2023-02-13 13:18:28,613 [Worker-17: Building] INFO  o.a.m.s.f.DefaultMavenResourcesFiltering - Copying 0 resource
2023-02-13 13:18:28,615 [Worker-17: Building] INFO  o.a.m.s.f.DefaultMavenResourcesFiltering - skip non existing resourceDirectory D:\ws-eclipse\courseJPASpring\courseJPASpring\src\test\resources
2023-02-13 13:18:29,696 [Worker-13: Building] INFO  o.a.m.s.f.DefaultMavenResourcesFiltering - Copying 2 resources
2023-02-13 13:18:29,703 [Worker-13: Building] INFO  o.a.m.s.f.DefaultMavenResourcesFiltering - Copying 0 resource
2023-02-13 13:18:29,705 [Worker-13: Building] INFO  o.a.m.s.f.DefaultMavenResourcesFiltering - skip non existing resourceDirectory D:\ws-eclipse\courseJPASpring\courseJPASpring\src\test\resources
2023-02-13 13:18:49,878 [Worker-18: Building] INFO  o.a.m.s.f.DefaultMavenResourcesFiltering - Copying 2 resources
2023-02-13 13:18:49,887 [Worker-18: Building] INFO  o.a.m.s.f.DefaultMavenResourcesFiltering - Copying 0 resource
2023-02-13 13:18:49,889 [Worker-18: Building] INFO  o.a.m.s.f.DefaultMavenResourcesFiltering - skip non existing resourceDirectory D:\ws-eclipse\courseJPASpring\courseJPASpring\src\test\resources
2023-02-13 13:18:50,952 [Worker-17: Building] INFO  o.a.m.s.f.DefaultMavenResourcesFiltering - Copying 2 resources
2023-02-13 13:18:50,961 [Worker-17: Building] INFO  o.a.m.s.f.DefaultMavenResourcesFiltering - Copying 0 resource
2023-02-13 13:18:50,963 [Worker-17: Building] INFO  o.a.m.s.f.DefaultMavenResourcesFiltering - skip non existing resourceDirectory D:\ws-eclipse\courseJPASpring\courseJPASpring\src\test\resources
2023-02-13 13:18:53,445 [Worker-18: Building] INFO  o.a.m.s.f.DefaultMavenResourcesFiltering - Copying 2 resources
2023-02-13 13:18:53,453 [Worker-18: Building] INFO  o.a.m.s.f.DefaultMavenResourcesFiltering - Copying 0 resource
2023-02-13 13:18:53,456 [Worker-18: Building] INFO  o.a.m.s.f.DefaultMavenResourcesFiltering - skip non existing resourceDirectory D:\ws-eclipse\courseJPASpring\courseJPASpring\src\test\resources
2023-02-13 13:19:20,004 [Worker-15: Building] INFO  o.a.m.s.f.DefaultMavenResourcesFiltering - Copying 2 resources
2023-02-13 13:19:20,012 [Worker-15: Building] INFO  o.a.m.s.f.DefaultMavenResourcesFiltering - Copying 0 resource
2023-02-13 13:19:20,015 [Worker-15: Building] INFO  o.a.m.s.f.DefaultMavenResourcesFiltering - skip non existing resourceDirectory D:\ws-eclipse\courseJPASpring\courseJPASpring\src\test\resources
2023-02-13 13:19:23,150 [Worker-17: Building] INFO  o.a.m.s.f.DefaultMavenResourcesFiltering - Copying 2 resources
2023-02-13 13:19:23,159 [Worker-17: Building] INFO  o.a.m.s.f.DefaultMavenResourcesFiltering - Copying 0 resource
2023-02-13 13:19:23,161 [Worker-17: Building] INFO  o.a.m.s.f.DefaultMavenResourcesFiltering - skip non existing resourceDirectory D:\ws-eclipse\courseJPASpring\courseJPASpring\src\test\resources
2023-02-13 13:20:11,848 [Worker-16: Building] INFO  o.a.m.s.f.DefaultMavenResourcesFiltering - Copying 2 resources
2023-02-13 13:20:11,857 [Worker-16: Building] INFO  o.a.m.s.f.DefaultMavenResourcesFiltering - Copying 0 resource
2023-02-13 13:20:11,860 [Worker-16: Building] INFO  o.a.m.s.f.DefaultMavenResourcesFiltering - skip non existing resourceDirectory D:\ws-eclipse\courseJPASpring\courseJPASpring\src\test\resources
2023-02-13 13:20:22,840 [Worker-15: Building] INFO  o.a.m.s.f.DefaultMavenResourcesFiltering - Copying 2 resources
2023-02-13 13:20:22,847 [Worker-15: Building] INFO  o.a.m.s.f.DefaultMavenResourcesFiltering - Copying 0 resource
2023-02-13 13:20:22,849 [Worker-15: Building] INFO  o.a.m.s.f.DefaultMavenResourcesFiltering - skip non existing resourceDirectory D:\ws-eclipse\courseJPASpring\courseJPASpring\src\test\resources
2023-02-13 13:20:24,932 [Worker-13: Building] INFO  o.a.m.s.f.DefaultMavenResourcesFiltering - Copying 2 resources
2023-02-13 13:20:24,938 [Worker-13: Building] INFO  o.a.m.s.f.DefaultMavenResourcesFiltering - Copying 0 resource
2023-02-13 13:20:24,940 [Worker-13: Building] INFO  o.a.m.s.f.DefaultMavenResourcesFiltering - skip non existing resourceDirectory D:\ws-eclipse\courseJPASpring\courseJPASpring\src\test\resources
2023-02-13 13:20:28,231 [Worker-15: Building] INFO  o.a.m.s.f.DefaultMavenResourcesFiltering - Copying 2 resources
2023-02-13 13:20:28,237 [Worker-15: Building] INFO  o.a.m.s.f.DefaultMavenResourcesFiltering - Copying 0 resource
2023-02-13 13:20:28,239 [Worker-15: Building] INFO  o.a.m.s.f.DefaultMavenResourcesFiltering - skip non existing resourceDirectory D:\ws-eclipse\courseJPASpring\courseJPASpring\src\test\resources
2023-02-13 13:21:08,314 [Worker-9: Building] INFO  o.a.m.s.f.DefaultMavenResourcesFiltering - Copying 2 resources
2023-02-13 13:21:08,321 [Worker-9: Building] INFO  o.a.m.s.f.DefaultMavenResourcesFiltering - Copying 0 resource
2023-02-13 13:21:08,323 [Worker-9: Building] INFO  o.a.m.s.f.DefaultMavenResourcesFiltering - skip non existing resourceDirectory D:\ws-eclipse\courseJPASpring\courseJPASpring\src\test\resources
2023-02-13 13:21:16,824 [Worker-13: Building] INFO  o.a.m.s.f.DefaultMavenResourcesFiltering - Copying 2 resources
2023-02-13 13:21:16,832 [Worker-13: Building] INFO  o.a.m.s.f.DefaultMavenResourcesFiltering - Copying 0 resource
2023-02-13 13:21:16,834 [Worker-13: Building] INFO  o.a.m.s.f.DefaultMavenResourcesFiltering - skip non existing resourceDirectory D:\ws-eclipse\courseJPASpring\courseJPASpring\src\test\resources
2023-02-13 13:21:23,978 [Worker-14: Building] INFO  o.a.m.s.f.DefaultMavenResourcesFiltering - Copying 2 resources
2023-02-13 13:21:24,012 [Worker-14: Building] INFO  o.a.m.s.f.DefaultMavenResourcesFiltering - Copying 0 resource
2023-02-13 13:21:24,014 [Worker-14: Building] INFO  o.a.m.s.f.DefaultMavenResourcesFiltering - skip non existing resourceDirectory D:\ws-eclipse\courseJPASpring\courseJPASpring\src\test\resources
2023-02-13 13:21:30,950 [Worker-9: Building] INFO  o.a.m.s.f.DefaultMavenResourcesFiltering - Copying 2 resources
2023-02-13 13:21:30,958 [Worker-9: Building] INFO  o.a.m.s.f.DefaultMavenResourcesFiltering - Copying 0 resource
2023-02-13 13:21:30,960 [Worker-9: Building] INFO  o.a.m.s.f.DefaultMavenResourcesFiltering - skip non existing resourceDirectory D:\ws-eclipse\courseJPASpring\courseJPASpring\src\test\resources
2023-02-13 13:21:38,923 [Worker-14: Building] INFO  o.a.m.s.f.DefaultMavenResourcesFiltering - Copying 2 resources
2023-02-13 13:21:38,931 [Worker-14: Building] INFO  o.a.m.s.f.DefaultMavenResourcesFiltering - Copying 0 resource
2023-02-13 13:21:38,932 [Worker-14: Building] INFO  o.a.m.s.f.DefaultMavenResourcesFiltering - skip non existing resourceDirectory D:\ws-eclipse\courseJPASpring\courseJPASpring\src\test\resources
2023-02-13 13:21:49,529 [Worker-18: Building] INFO  o.a.m.s.f.DefaultMavenResourcesFiltering - Copying 2 resources
2023-02-13 13:21:49,540 [Worker-18: Building] INFO  o.a.m.s.f.DefaultMavenResourcesFiltering - Copying 0 resource
2023-02-13 13:21:49,542 [Worker-18: Building] INFO  o.a.m.s.f.DefaultMavenResourcesFiltering - skip non existing resourceDirectory D:\ws-eclipse\courseJPASpring\courseJPASpring\src\test\resources
2023-02-13 13:21:52,101 [Worker-14: Building] INFO  o.a.m.s.f.DefaultMavenResourcesFiltering - Copying 2 resources
2023-02-13 13:21:52,109 [Worker-14: Building] INFO  o.a.m.s.f.DefaultMavenResourcesFiltering - Copying 0 resource
2023-02-13 13:21:52,111 [Worker-14: Building] INFO  o.a.m.s.f.DefaultMavenResourcesFiltering - skip non existing resourceDirectory D:\ws-eclipse\courseJPASpring\courseJPASpring\src\test\resources
2023-02-13 13:23:30,610 [Worker-9: Building] INFO  o.a.m.s.f.DefaultMavenResourcesFiltering - Copying 2 resources
2023-02-13 13:23:30,618 [Worker-9: Building] INFO  o.a.m.s.f.DefaultMavenResourcesFiltering - Copying 0 resource
2023-02-13 13:23:30,621 [Worker-9: Building] INFO  o.a.m.s.f.DefaultMavenResourcesFiltering - skip non existing resourceDirectory D:\ws-eclipse\courseJPASpring\courseJPASpring\src\test\resources
2023-02-13 13:23:45,809 [Worker-21: Building] INFO  o.a.m.s.f.DefaultMavenResourcesFiltering - Copying 2 resources
2023-02-13 13:23:45,817 [Worker-21: Building] INFO  o.a.m.s.f.DefaultMavenResourcesFiltering - Copying 0 resource
2023-02-13 13:23:45,820 [Worker-21: Building] INFO  o.a.m.s.f.DefaultMavenResourcesFiltering - skip non existing resourceDirectory D:\ws-eclipse\courseJPASpring\courseJPASpring\src\test\resources
2023-02-13 13:24:00,605 [Worker-14: Building] INFO  o.a.m.s.f.DefaultMavenResourcesFiltering - Copying 2 resources
2023-02-13 13:24:00,613 [Worker-14: Building] INFO  o.a.m.s.f.DefaultMavenResourcesFiltering - Copying 0 resource
2023-02-13 13:24:00,616 [Worker-14: Building] INFO  o.a.m.s.f.DefaultMavenResourcesFiltering - skip non existing resourceDirectory D:\ws-eclipse\courseJPASpring\courseJPASpring\src\test\resources
2023-02-13 13:24:16,305 [Worker-21: Building] INFO  o.a.m.s.f.DefaultMavenResourcesFiltering - Copying 2 resources
2023-02-13 13:24:16,314 [Worker-21: Building] INFO  o.a.m.s.f.DefaultMavenResourcesFiltering - Copying 0 resource
2023-02-13 13:24:16,316 [Worker-21: Building] INFO  o.a.m.s.f.DefaultMavenResourcesFiltering - skip non existing resourceDirectory D:\ws-eclipse\courseJPASpring\courseJPASpring\src\test\resources
2023-02-13 13:24:20,128 [Worker-20: Building] INFO  o.a.m.s.f.DefaultMavenResourcesFiltering - Copying 2 resources
2023-02-13 13:24:20,136 [Worker-20: Building] INFO  o.a.m.s.f.DefaultMavenResourcesFiltering - Copying 0 resource
2023-02-13 13:24:20,138 [Worker-20: Building] INFO  o.a.m.s.f.DefaultMavenResourcesFiltering - skip non existing resourceDirectory D:\ws-eclipse\courseJPASpring\courseJPASpring\src\test\resources
2023-02-13 13:24:48,233 [Worker-21: Building] INFO  o.a.m.s.f.DefaultMavenResourcesFiltering - Copying 2 resources
2023-02-13 13:24:48,261 [Worker-21: Building] INFO  o.a.m.s.f.DefaultMavenResourcesFiltering - Copying 0 resource
2023-02-13 13:24:48,263 [Worker-21: Building] INFO  o.a.m.s.f.DefaultMavenResourcesFiltering - skip non existing resourceDirectory D:\ws-eclipse\courseJPASpring\courseJPASpring\src\test\resources
2023-02-13 13:25:04,898 [Worker-21: Building] INFO  o.a.m.s.f.DefaultMavenResourcesFiltering - Copying 2 resources
2023-02-13 13:25:04,906 [Worker-21: Building] INFO  o.a.m.s.f.DefaultMavenResourcesFiltering - Copying 0 resource
2023-02-13 13:25:04,907 [Worker-21: Building] INFO  o.a.m.s.f.DefaultMavenResourcesFiltering - skip non existing resourceDirectory D:\ws-eclipse\courseJPASpring\courseJPASpring\src\test\resources
2023-02-13 13:25:38,543 [Worker-9: Building] INFO  o.a.m.s.f.DefaultMavenResourcesFiltering - Copying 2 resources
2023-02-13 13:25:38,551 [Worker-9: Building] INFO  o.a.m.s.f.DefaultMavenResourcesFiltering - Copying 0 resource
2023-02-13 13:25:38,552 [Worker-9: Building] INFO  o.a.m.s.f.DefaultMavenResourcesFiltering - skip non existing resourceDirectory D:\ws-eclipse\courseJPASpring\courseJPASpring\src\test\resources
2023-02-13 13:27:01,765 [Worker-19: Building] INFO  o.a.m.s.f.DefaultMavenResourcesFiltering - Copying 2 resources
2023-02-13 13:27:01,773 [Worker-19: Building] INFO  o.a.m.s.f.DefaultMavenResourcesFiltering - Copying 0 resource
2023-02-13 13:27:01,775 [Worker-19: Building] INFO  o.a.m.s.f.DefaultMavenResourcesFiltering - skip non existing resourceDirectory D:\ws-eclipse\courseJPASpring\courseJPASpring\src\test\resources
2023-02-13 13:27:52,238 [Worker-9: Building] INFO  o.a.m.s.f.DefaultMavenResourcesFiltering - Copying 2 resources
2023-02-13 13:27:52,248 [Worker-9: Building] INFO  o.a.m.s.f.DefaultMavenResourcesFiltering - Copying 0 resource
2023-02-13 13:27:52,250 [Worker-9: Building] INFO  o.a.m.s.f.DefaultMavenResourcesFiltering - skip non existing resourceDirectory D:\ws-eclipse\courseJPASpring\courseJPASpring\src\test\resources
2023-02-13 13:28:46,154 [Worker-20: Building] INFO  o.a.m.s.f.DefaultMavenResourcesFiltering - Copying 2 resources
2023-02-13 13:28:46,161 [Worker-20: Building] INFO  o.a.m.s.f.DefaultMavenResourcesFiltering - Copying 0 resource
2023-02-13 13:28:46,163 [Worker-20: Building] INFO  o.a.m.s.f.DefaultMavenResourcesFiltering - skip non existing resourceDirectory D:\ws-eclipse\courseJPASpring\courseJPASpring\src\test\resources
2023-02-13 13:30:45,996 [Worker-27: Building] INFO  o.a.m.s.f.DefaultMavenResourcesFiltering - Copying 2 resources
2023-02-13 13:30:46,007 [Worker-27: Building] INFO  o.a.m.s.f.DefaultMavenResourcesFiltering - Copying 0 resource
2023-02-13 13:30:46,009 [Worker-27: Building] INFO  o.a.m.s.f.DefaultMavenResourcesFiltering - skip non existing resourceDirectory D:\ws-eclipse\courseJPASpring\courseJPASpring\src\test\resources
2023-02-13 13:31:02,092 [Worker-29: Building] INFO  o.a.m.s.f.DefaultMavenResourcesFiltering - Copying 2 resources
2023-02-13 13:31:02,101 [Worker-29: Building] INFO  o.a.m.s.f.DefaultMavenResourcesFiltering - Copying 0 resource
2023-02-13 13:31:02,103 [Worker-29: Building] INFO  o.a.m.s.f.DefaultMavenResourcesFiltering - skip non existing resourceDirectory D:\ws-eclipse\courseJPASpring\courseJPASpring\src\test\resources
2023-02-13 13:31:06,997 [Worker-29: Building] INFO  o.a.m.s.f.DefaultMavenResourcesFiltering - Copying 2 resources
2023-02-13 13:31:07,005 [Worker-29: Building] INFO  o.a.m.s.f.DefaultMavenResourcesFiltering - Copying 0 resource
2023-02-13 13:31:07,008 [Worker-29: Building] INFO  o.a.m.s.f.DefaultMavenResourcesFiltering - skip non existing resourceDirectory D:\ws-eclipse\courseJPASpring\courseJPASpring\src\test\resources
2023-02-14 09:16:32,129 [Worker-7: Loading available Gradle versions] INFO  o.e.b.c.i.u.g.PublishedGradleVersions - Gradle version information cache is out-of-date. Trying to update.
